<?xml version="1.0" encoding="UTF-8"?>
<TestRun id="8fff2299-72b0-4b5c-aa6c-82ea2122bf22" name="Lhctgsvc@game19-W8 2013-10-28 00:49:40" runUser="EUROPE\Lhctgsvc" xmlns="http://microsoft.com/schemas/VisualStudio/TeamTest/2010">
  <Times creation="2013-10-28T00:49:40.9904094+00:00" queuing="2013-10-28T00:49:40.9914523+00:00" start="2013-10-28T00:49:40.9944341+00:00" finish="2013-10-28T01:18:13.1921294+00:00" />
  <TestSettings name="default" id="82b856e2-9735-472f-9645-7be0455a3d18">
    <Execution>
      <TestTypeSpecific />
    </Execution>
    <Deployment runDeploymentRoot="Lhctgsvc_game19-W8 2013-10-28 00_49_40" />
  </TestSettings>
  <Results>
    <UnitTestResult executionId="719233bc-1155-4373-8e1f-c3ef2e66c540" testId="3cff02a3-dd8d-2937-7035-3825a5f74241" testName="TestMovement_Basic" computerName="game19-W8" duration="00:01:13.2193702" startTime="2013-10-28T00:48:27.5568518+00:00" endTime="2013-10-28T00:49:40.8033752+00:00" testType="13cdc9d9-ddb5-4fa4-a97d-d965ccfc6d4b" outcome="Passed" testListId="8c84fa94-04c1-424b-9868-57a2d4851a1d" relativeResultsDirectory="719233bc-1155-4373-8e1f-c3ef2e66c540">
      <Output>
        <StdOut>Starting test TestMovement_BasicEvent TotalAdmin_EventArgs_ApplicationStartupComplete triggered at: 28/10/2013 00:49:02Event TotalAdmin_EventArgs_ApplicationBuildInformation triggered at: 28/10/2013 00:49:02Player 0 is running the following Build B000742All players builds are the sameEvent TotalAdmin_EventArgs_Game_levelStarted triggered at: 28/10/2013 00:49:02Event TotalAdmin_EventArgs_Game_ObjectiveChangeState triggered at: 28/10/2013 00:49:02Event TitleBuildNumberArgs triggered at: 28/10/2013 00:49:04$$$	Start update thread.^^^	Start time out thread with a time out of 10 minuatesFailed to open level 'TestMovementBasic' in under 120 secondsEvent TotalAdmin_EventArgs_MapOpen triggered at: 28/10/2013 00:49:10Event TotalAdmin_EventArgs_Game_ActorTouch triggered at: 28/10/2013 00:49:25Event TotalAdmin_EventArgs_Game_BlueprintTriggeredEvent triggered at: 28/10/2013 00:49:29Event TotalAdmin_EventArgs_Game_BlueprintTriggeredEvent triggered at: 28/10/2013 00:49:29Event TotalAdmin_EventArgs_Game_BlueprintTriggeredEvent triggered at: 28/10/2013 00:49:29Event TotalAdmin_EventArgs_Game_BlueprintTriggeredEvent triggered at: 28/10/2013 00:49:29Event TotalAdmin_EventArgs_Game_PathFollowingStart triggered at: 28/10/2013 00:49:29Event TotalAdmin_EventArgs_Game_PathFollowingStart triggered at: 28/10/2013 00:49:29Event TotalAdmin_EventArgs_Game_PathFollowingStart triggered at: 28/10/2013 00:49:29Event TotalAdmin_EventArgs_Game_PathFollowingStart triggered at: 28/10/2013 00:49:29Event TotalAdmin_EventArgs_Game_PathFollowingStart triggered at: 28/10/2013 00:49:29Event TotalAdmin_EventArgs_Game_PathFollowingStart triggered at: 28/10/2013 00:49:29Event TotalAdmin_EventArgs_Game_PathFollowingStart triggered at: 28/10/2013 00:49:29Event TotalAdmin_EventArgs_Game_PathFollowingStart triggered at: 28/10/2013 00:49:29Event TotalAdmin_EventArgs_Game_PathFollowingStart triggered at: 28/10/2013 00:49:29Event TotalAdmin_EventArgs_Game_PathFollowingStart triggered at: 28/10/2013 00:49:29Event TotalAdmin_EventArgs_Game_PathFollowingStart triggered at: 28/10/2013 00:49:29Event TotalAdmin_EventArgs_Game_PathFollowingStart triggered at: 28/10/2013 00:49:30Event TotalAdmin_EventArgs_Game_PathFollowingStart triggered at: 28/10/2013 00:49:30Event TotalAdmin_EventArgs_Game_PathFollowingStart triggered at: 28/10/2013 00:49:30Event TotalAdmin_EventArgs_Game_PathFollowingStart triggered at: 28/10/2013 00:49:30Event TotalAdmin_EventArgs_Game_PathFollowingStart triggered at: 28/10/2013 00:49:30Event TotalAdmin_EventArgs_Game_PathFollowingStart triggered at: 28/10/2013 00:49:30Event TotalAdmin_EventArgs_Game_ActorTouch triggered at: 28/10/2013 00:49:31Event TotalAdmin_EventArgs_Game_ActorTouch triggered at: 28/10/2013 00:49:31Event TotalAdmin_EventArgs_Game_ActorTouch triggered at: 28/10/2013 00:49:31Event TotalAdmin_EventArgs_Game_ActorTouch triggered at: 28/10/2013 00:49:31Event TotalAdmin_EventArgs_Game_ActorTouch triggered at: 28/10/2013 00:49:31Event TotalAdmin_EventArgs_Game_ActorTouch triggered at: 28/10/2013 00:49:31Event TotalAdmin_EventArgs_Game_ActorTouch triggered at: 28/10/2013 00:49:31Event TotalAdmin_EventArgs_Game_ActorTouch triggered at: 28/10/2013 00:49:31Event TotalAdmin_EventArgs_Game_ActorTouch triggered at: 28/10/2013 00:49:32Event TotalAdmin_EventArgs_Game_ActorTouch triggered at: 28/10/2013 00:49:32Event TotalAdmin_EventArgs_Game_ActorTouch triggered at: 28/10/2013 00:49:32Event TotalAdmin_EventArgs_Game_ActorTouch triggered at: 28/10/2013 00:49:32Event TotalAdmin_EventArgs_Game_ActorTouch triggered at: 28/10/2013 00:49:32Event TotalAdmin_EventArgs_Game_ActorTouch triggered at: 28/10/2013 00:49:32Event TotalAdmin_EventArgs_Game_ActorTouch triggered at: 28/10/2013 00:49:32Event TotalAdmin_EventArgs_Game_ActorTouch triggered at: 28/10/2013 00:49:32Event TotalAdmin_EventArgs_Game_ActorTouch triggered at: 28/10/2013 00:49:32Event TotalAdmin_EventArgs_Game_ActorTouch triggered at: 28/10/2013 00:49:33Event TotalAdmin_EventArgs_Game_ActorTouch triggered at: 28/10/2013 00:49:33Event TotalAdmin_EventArgs_Game_PathFollowingFinish triggered at: 28/10/2013 00:49:33Event TotalAdmin_EventArgs_Game_PathFollowingFinish triggered at: 28/10/2013 00:49:33Event TotalAdmin_EventArgs_Game_ActorTouch triggered at: 28/10/2013 00:49:33Event TotalAdmin_EventArgs_Game_ActorTouch triggered at: 28/10/2013 00:49:33Event TotalAdmin_EventArgs_Game_ActorTouch triggered at: 28/10/2013 00:49:33Event TotalAdmin_EventArgs_Game_ActorTouch triggered at: 28/10/2013 00:49:33Event TotalAdmin_EventArgs_Game_ActorTouch triggered at: 28/10/2013 00:49:33Event TotalAdmin_EventArgs_Game_ActorTouch triggered at: 28/10/2013 00:49:33Event TotalAdmin_EventArgs_Game_PathFollowingFinish triggered at: 28/10/2013 00:49:33Event TotalAdmin_EventArgs_Game_ActorTouch triggered at: 28/10/2013 00:49:33Event TotalAdmin_EventArgs_Game_ActorTouch triggered at: 28/10/2013 00:49:33Event TotalAdmin_EventArgs_Game_ActorTouch triggered at: 28/10/2013 00:49:33Event TotalAdmin_EventArgs_Game_ActorTouch triggered at: 28/10/2013 00:49:34Event TotalAdmin_EventArgs_Game_ActorTouch triggered at: 28/10/2013 00:49:34Event TotalAdmin_EventArgs_Game_ActorTouch triggered at: 28/10/2013 00:49:34Event TotalAdmin_EventArgs_Game_PathFollowingFinish triggered at: 28/10/2013 00:49:34Event TotalAdmin_EventArgs_Game_PathFollowingFinish triggered at: 28/10/2013 00:49:34Event TotalAdmin_EventArgs_Game_ActorTouch triggered at: 28/10/2013 00:49:34Event TotalAdmin_EventArgs_Game_ActorTouch triggered at: 28/10/2013 00:49:34Event TotalAdmin_EventArgs_Game_ActorTouch triggered at: 28/10/2013 00:49:34Event TotalAdmin_EventArgs_Game_PathFollowingFinish triggered at: 28/10/2013 00:49:34Event TotalAdmin_EventArgs_Game_PathFollowingFinish triggered at: 28/10/2013 00:49:34Event TotalAdmin_EventArgs_Game_ActorTouch triggered at: 28/10/2013 00:49:34Event TotalAdmin_EventArgs_Game_PathFollowingFinish triggered at: 28/10/2013 00:49:34Event TotalAdmin_EventArgs_Game_PathFollowingFinish triggered at: 28/10/2013 00:49:34Event TotalAdmin_EventArgs_Game_PathFollowingFinish triggered at: 28/10/2013 00:49:34Event TotalAdmin_EventArgs_Game_PathFollowingFinish triggered at: 28/10/2013 00:49:35Event TotalAdmin_EventArgs_Game_PathFollowingFinish triggered at: 28/10/2013 00:49:35Event TotalAdmin_EventArgs_Game_PathFollowingFinish triggered at: 28/10/2013 00:49:35Event TotalAdmin_EventArgs_Game_PathFollowingFinish triggered at: 28/10/2013 00:49:35Event TotalAdmin_EventArgs_Game_PathFollowingFinish triggered at: 28/10/2013 00:49:35Event TotalAdmin_EventArgs_Game_PathFollowingFinish triggered at: 28/10/2013 00:49:35Event TotalAdmin_EventArgs_Game_PathFollowingFinish triggered at: 28/10/2013 00:49:35Event TotalAdmin_EventArgs_Game_PathFollowingFinish triggered at: 28/10/2013 00:49:35Event TotalAdmin_EventArgs_Game_PathFollowingFinish triggered at: 28/10/2013 00:49:35Event TotalAdmin_EventArgs_Game_PathFollowingFinish triggered at: 28/10/2013 00:49:35Event TotalAdmin_EventArgs_Game_PathFollowingFinish triggered at: 28/10/2013 00:49:35Event TotalAdmin_EventArgs_Game_PathFollowingFinish triggered at: 28/10/2013 00:49:35Event TotalAdmin_EventArgs_Game_PathFollowingFinish triggered at: 28/10/2013 00:49:35Event TotalAdmin_EventArgs_Game_PathFollowingFinish triggered at: 28/10/2013 00:49:35Event TotalAdmin_EventArgs_Game_PathFollowingFinish triggered at: 28/10/2013 00:49:35Event TotalAdmin_EventArgs_Game_PathFollowingFinish triggered at: 28/10/2013 00:49:35Event TotalAdmin_EventArgs_Game_BlueprintTriggeredEvent triggered at: 28/10/2013 00:49:37^^^	Stopping time out thread$$$	End update thread.</StdOut>
      </Output>
      <ResultFiles>
        <ResultFile path="game19-W8\TestMovement_Basic-Machine0.log" />
        <ResultFile path="game19-W8\TestMovement_Basic-TestLog.txt" />
      </ResultFiles>
    </UnitTestResult>
    <UnitTestResult executionId="b7be7b0e-7aa5-4fee-ba1f-f5c6b661e304" testId="25cb1493-0086-0f0f-0737-a4b94394093a" testName="TestMovement_Choke" computerName="game19-W8" duration="00:01:15.6109892" startTime="2013-10-28T00:49:40.9684479+00:00" endTime="2013-10-28T00:50:56.5807532+00:00" testType="13cdc9d9-ddb5-4fa4-a97d-d965ccfc6d4b" outcome="Passed" testListId="8c84fa94-04c1-424b-9868-57a2d4851a1d" relativeResultsDirectory="b7be7b0e-7aa5-4fee-ba1f-f5c6b661e304">
      <Output>
        <StdOut>Starting test TestMovement_ChokeEvent TotalAdmin_EventArgs_ApplicationStartupComplete triggered at: 28/10/2013 00:50:16Event TotalAdmin_EventArgs_ApplicationBuildInformation triggered at: 28/10/2013 00:50:16Player 0 is running the following Build B000742All players builds are the sameEvent TotalAdmin_EventArgs_Game_levelStarted triggered at: 28/10/2013 00:50:16Event TotalAdmin_EventArgs_Game_ObjectiveChangeState triggered at: 28/10/2013 00:50:16Event TitleBuildNumberArgs triggered at: 28/10/2013 00:50:16$$$	Start update thread.^^^	Start time out thread with a time out of 10 minuatesFailed to open level 'TestMovementChoke' in under 120 secondsEvent TotalAdmin_EventArgs_MapOpen triggered at: 28/10/2013 00:50:24Event TotalAdmin_EventArgs_Game_ActorTouch triggered at: 28/10/2013 00:50:39Event TotalAdmin_EventArgs_Game_BlueprintTriggeredEvent triggered at: 28/10/2013 00:50:42Event TotalAdmin_EventArgs_Game_BlueprintTriggeredEvent triggered at: 28/10/2013 00:50:42Event TotalAdmin_EventArgs_Game_BlueprintTriggeredEvent triggered at: 28/10/2013 00:50:42Event TotalAdmin_EventArgs_Game_PathFollowingStart triggered at: 28/10/2013 00:50:42Event TotalAdmin_EventArgs_Game_PathFollowingStart triggered at: 28/10/2013 00:50:42Event TotalAdmin_EventArgs_Game_PathFollowingStart triggered at: 28/10/2013 00:50:42Event TotalAdmin_EventArgs_Game_PathFollowingStart triggered at: 28/10/2013 00:50:42Event TotalAdmin_EventArgs_Game_PathFollowingStart triggered at: 28/10/2013 00:50:42Event TotalAdmin_EventArgs_Game_PathFollowingStart triggered at: 28/10/2013 00:50:42Event TotalAdmin_EventArgs_Game_PathFollowingStart triggered at: 28/10/2013 00:50:42Event TotalAdmin_EventArgs_Game_PathFollowingStart triggered at: 28/10/2013 00:50:42Event TotalAdmin_EventArgs_Game_PathFollowingStart triggered at: 28/10/2013 00:50:42Event TotalAdmin_EventArgs_Game_PathFollowingStart triggered at: 28/10/2013 00:50:42Event TotalAdmin_EventArgs_Game_PathFollowingStart triggered at: 28/10/2013 00:50:43Event TotalAdmin_EventArgs_Game_PathFollowingStart triggered at: 28/10/2013 00:50:43Event TotalAdmin_EventArgs_Game_PathFollowingStart triggered at: 28/10/2013 00:50:43Event TotalAdmin_EventArgs_Game_PathFollowingStart triggered at: 28/10/2013 00:50:43Event TotalAdmin_EventArgs_Game_PathFollowingStart triggered at: 28/10/2013 00:50:43Event TotalAdmin_EventArgs_Game_PathFollowingStart triggered at: 28/10/2013 00:50:43Event TotalAdmin_EventArgs_Game_PathFollowingStart triggered at: 28/10/2013 00:50:43Event TotalAdmin_EventArgs_Game_PathFollowingStart triggered at: 28/10/2013 00:50:43Event TotalAdmin_EventArgs_Game_ActorTouch triggered at: 28/10/2013 00:50:46Event TotalAdmin_EventArgs_Game_ActorTouch triggered at: 28/10/2013 00:50:46Event TotalAdmin_EventArgs_Game_ActorTouch triggered at: 28/10/2013 00:50:47Event TotalAdmin_EventArgs_Game_ActorTouch triggered at: 28/10/2013 00:50:47Event TotalAdmin_EventArgs_Game_ActorTouch triggered at: 28/10/2013 00:50:47Event TotalAdmin_EventArgs_Game_ActorTouch triggered at: 28/10/2013 00:50:47Event TotalAdmin_EventArgs_Game_PathFollowingFinish triggered at: 28/10/2013 00:50:47Event TotalAdmin_EventArgs_Game_PathFollowingFinish triggered at: 28/10/2013 00:50:47Event TotalAdmin_EventArgs_Game_ActorTouch triggered at: 28/10/2013 00:50:47Event TotalAdmin_EventArgs_Game_ActorTouch triggered at: 28/10/2013 00:50:47Event TotalAdmin_EventArgs_Game_PathFollowingFinish triggered at: 28/10/2013 00:50:47Event TotalAdmin_EventArgs_Game_ActorTouch triggered at: 28/10/2013 00:50:48Event TotalAdmin_EventArgs_Game_PathFollowingFinish triggered at: 28/10/2013 00:50:48Event TotalAdmin_EventArgs_Game_PathFollowingFinish triggered at: 28/10/2013 00:50:48Event TotalAdmin_EventArgs_Game_ActorTouch triggered at: 28/10/2013 00:50:48Event TotalAdmin_EventArgs_Game_ActorTouch triggered at: 28/10/2013 00:50:48Event TotalAdmin_EventArgs_Game_ActorTouch triggered at: 28/10/2013 00:50:48Event TotalAdmin_EventArgs_Game_ActorTouch triggered at: 28/10/2013 00:50:48Event TotalAdmin_EventArgs_Game_ActorTouch triggered at: 28/10/2013 00:50:48Event TotalAdmin_EventArgs_Game_PathFollowingFinish triggered at: 28/10/2013 00:50:48Event TotalAdmin_EventArgs_Game_PathFollowingFinish triggered at: 28/10/2013 00:50:48Event TotalAdmin_EventArgs_Game_PathFollowingFinish triggered at: 28/10/2013 00:50:48Event TotalAdmin_EventArgs_Game_PathFollowingFinish triggered at: 28/10/2013 00:50:48Event TotalAdmin_EventArgs_Game_PathFollowingFinish triggered at: 28/10/2013 00:50:48Event TotalAdmin_EventArgs_Game_PathFollowingFinish triggered at: 28/10/2013 00:50:48Event TotalAdmin_EventArgs_Game_ActorTouch triggered at: 28/10/2013 00:50:48Event TotalAdmin_EventArgs_Game_PathFollowingFinish triggered at: 28/10/2013 00:50:49Event TotalAdmin_EventArgs_Game_PathFollowingFinish triggered at: 28/10/2013 00:50:49Event TotalAdmin_EventArgs_Game_PathFollowingFinish triggered at: 28/10/2013 00:50:49Event TotalAdmin_EventArgs_Game_ActorTouch triggered at: 28/10/2013 00:50:49Event TotalAdmin_EventArgs_Game_PathFollowingFinish triggered at: 28/10/2013 00:50:49Event TotalAdmin_EventArgs_Game_PathFollowingFinish triggered at: 28/10/2013 00:50:49Event TotalAdmin_EventArgs_Game_ActorTouch triggered at: 28/10/2013 00:50:49Event TotalAdmin_EventArgs_Game_ActorTouch triggered at: 28/10/2013 00:50:49Event TotalAdmin_EventArgs_Game_ActorTouch triggered at: 28/10/2013 00:50:49Event TotalAdmin_EventArgs_Game_ActorTouch triggered at: 28/10/2013 00:50:49Event TotalAdmin_EventArgs_Game_ActorTouch triggered at: 28/10/2013 00:50:49Event TotalAdmin_EventArgs_Game_ActorTouch triggered at: 28/10/2013 00:50:49Event TotalAdmin_EventArgs_Game_PathFollowingFinish triggered at: 28/10/2013 00:50:49Event TotalAdmin_EventArgs_Game_PathFollowingFinish triggered at: 28/10/2013 00:50:49Event TotalAdmin_EventArgs_Game_ActorTouch triggered at: 28/10/2013 00:50:49Event TotalAdmin_EventArgs_Game_PathFollowingFinish triggered at: 28/10/2013 00:50:50Event TotalAdmin_EventArgs_Game_ActorTouch triggered at: 28/10/2013 00:50:50Event TotalAdmin_EventArgs_Game_PathFollowingFinish triggered at: 28/10/2013 00:50:50Event TotalAdmin_EventArgs_Game_PathFollowingFinish triggered at: 28/10/2013 00:50:50Event TotalAdmin_EventArgs_Game_PathFollowingFinish triggered at: 28/10/2013 00:50:50Event TotalAdmin_EventArgs_Game_PathFollowingFinish triggered at: 28/10/2013 00:50:50Event TotalAdmin_EventArgs_Game_PathFollowingFinish triggered at: 28/10/2013 00:50:50Event TotalAdmin_EventArgs_Game_ActorTouch triggered at: 28/10/2013 00:50:50Event TotalAdmin_EventArgs_Game_PathFollowingFinish triggered at: 28/10/2013 00:50:50Event TotalAdmin_EventArgs_Game_PathFollowingFinish triggered at: 28/10/2013 00:50:50Event TotalAdmin_EventArgs_Game_PathFollowingFinish triggered at: 28/10/2013 00:50:50Event TotalAdmin_EventArgs_Game_PathFollowingFinish triggered at: 28/10/2013 00:50:50Event TotalAdmin_EventArgs_Game_PathFollowingFinish triggered at: 28/10/2013 00:50:50Event TotalAdmin_EventArgs_Game_PathFollowingFinish triggered at: 28/10/2013 00:50:50Event TotalAdmin_EventArgs_Game_PathFollowingFinish triggered at: 28/10/2013 00:50:50Event TotalAdmin_EventArgs_Game_PathFollowingFinish triggered at: 28/10/2013 00:50:50Event TotalAdmin_EventArgs_Game_PathFollowingFinish triggered at: 28/10/2013 00:50:50Event TotalAdmin_EventArgs_Game_PathFollowingFinish triggered at: 28/10/2013 00:50:51Event TotalAdmin_EventArgs_Game_PathFollowingFinish triggered at: 28/10/2013 00:50:51Event TotalAdmin_EventArgs_Game_PathFollowingFinish triggered at: 28/10/2013 00:50:51Event TotalAdmin_EventArgs_Game_PathFollowingFinish triggered at: 28/10/2013 00:50:51Event TotalAdmin_EventArgs_Game_PathFollowingFinish triggered at: 28/10/2013 00:50:51Event TotalAdmin_EventArgs_Game_PathFollowingFinish triggered at: 28/10/2013 00:50:51Event TotalAdmin_EventArgs_Game_PathFollowingFinish triggered at: 28/10/2013 00:50:51Event TotalAdmin_EventArgs_Game_PathFollowingFinish triggered at: 28/10/2013 00:50:51Event TotalAdmin_EventArgs_Game_ActorTouch triggered at: 28/10/2013 00:50:51Event TotalAdmin_EventArgs_Game_ActorTouch triggered at: 28/10/2013 00:50:51Event TotalAdmin_EventArgs_Game_ActorTouch triggered at: 28/10/2013 00:50:51Event TotalAdmin_EventArgs_Game_PathFollowingFinish triggered at: 28/10/2013 00:50:51Event TotalAdmin_EventArgs_Game_ActorTouch triggered at: 28/10/2013 00:50:51Event TotalAdmin_EventArgs_Game_PathFollowingFinish triggered at: 28/10/2013 00:50:51Event TotalAdmin_EventArgs_Game_PathFollowingFinish triggered at: 28/10/2013 00:50:51Event TotalAdmin_EventArgs_Game_PathFollowingFinish triggered at: 28/10/2013 00:50:51Event TotalAdmin_EventArgs_Game_PathFollowingFinish triggered at: 28/10/2013 00:50:51Event TotalAdmin_EventArgs_Game_PathFollowingFinish triggered at: 28/10/2013 00:50:51Event TotalAdmin_EventArgs_Game_PathFollowingFinish triggered at: 28/10/2013 00:50:51Event TotalAdmin_EventArgs_Game_PathFollowingFinish triggered at: 28/10/2013 00:50:52Event TotalAdmin_EventArgs_Game_PathFollowingFinish triggered at: 28/10/2013 00:50:52Event TotalAdmin_EventArgs_Game_ActorTouch triggered at: 28/10/2013 00:50:52Event TotalAdmin_EventArgs_Game_PathFollowingFinish triggered at: 28/10/2013 00:50:52Event TotalAdmin_EventArgs_Game_PathFollowingFinish triggered at: 28/10/2013 00:50:52Event TotalAdmin_EventArgs_Game_PathFollowingFinish triggered at: 28/10/2013 00:50:52Event TotalAdmin_EventArgs_Game_PathFollowingFinish triggered at: 28/10/2013 00:50:52Event TotalAdmin_EventArgs_Game_PathFollowingFinish triggered at: 28/10/2013 00:50:52Event TotalAdmin_EventArgs_Game_PathFollowingFinish triggered at: 28/10/2013 00:50:52Event TotalAdmin_EventArgs_Game_PathFollowingFinish triggered at: 28/10/2013 00:50:52Event TotalAdmin_EventArgs_Game_ActorTouch triggered at: 28/10/2013 00:50:52Event TotalAdmin_EventArgs_Game_PathFollowingFinish triggered at: 28/10/2013 00:50:52Event TotalAdmin_EventArgs_Game_PathFollowingFinish triggered at: 28/10/2013 00:50:52Event TotalAdmin_EventArgs_Game_PathFollowingFinish triggered at: 28/10/2013 00:50:52Event TotalAdmin_EventArgs_Game_ActorTouch triggered at: 28/10/2013 00:50:52Event TotalAdmin_EventArgs_Game_BlueprintTriggeredEvent triggered at: 28/10/2013 00:50:52Event TotalAdmin_EventArgs_Game_BlueprintTriggeredEvent triggered at: 28/10/2013 00:50:52Event TotalAdmin_EventArgs_Game_BlueprintTriggeredEvent triggered at: 28/10/2013 00:50:52^^^	Stopping time out thread$$$	End update thread.</StdOut>
      </Output>
      <ResultFiles>
        <ResultFile path="game19-W8\TestMovement_Choke-Machine0.log" />
        <ResultFile path="game19-W8\TestMovement_Choke-TestLog.txt" />
      </ResultFiles>
    </UnitTestResult>
    <UnitTestResult executionId="4ec8b52a-29a2-43ae-b13f-5e9df59961c2" testId="d03862b5-afe8-fadb-47c5-bd2c05539fac" testName="TestMovement_Creature" computerName="game19-W8" duration="00:02:23.6651831" startTime="2013-10-28T00:50:56.5827387+00:00" endTime="2013-10-28T00:53:20.2479046+00:00" testType="13cdc9d9-ddb5-4fa4-a97d-d965ccfc6d4b" outcome="Passed" testListId="8c84fa94-04c1-424b-9868-57a2d4851a1d" relativeResultsDirectory="4ec8b52a-29a2-43ae-b13f-5e9df59961c2">
      <Output>
        <StdOut>Starting test TestMovement_CreatureEvent TotalAdmin_EventArgs_ApplicationStartupComplete triggered at: 28/10/2013 00:52:36Event TotalAdmin_EventArgs_ApplicationBuildInformation triggered at: 28/10/2013 00:52:36Player 0 is running the following Build B000742All players builds are the same$$$	Start update thread.Event TitleBuildNumberArgs triggered at: 28/10/2013 00:52:40Event TotalAdmin_EventArgs_Game_levelStarted triggered at: 28/10/2013 00:52:40Event TotalAdmin_EventArgs_Game_ObjectiveChangeState triggered at: 28/10/2013 00:52:40^^^	Start time out thread with a time out of 10 minuatesFailed to open level 'TestMovementCreature' in under 120 secondsEvent TotalAdmin_EventArgs_MapOpen triggered at: 28/10/2013 00:52:46Event TotalAdmin_EventArgs_Game_ActorTouch triggered at: 28/10/2013 00:53:05Event TotalAdmin_EventArgs_Game_BlueprintTriggeredEvent triggered at: 28/10/2013 00:53:08Event TotalAdmin_EventArgs_Game_BlueprintTriggeredEvent triggered at: 28/10/2013 00:53:08Event TotalAdmin_EventArgs_Game_PathFollowingStart triggered at: 28/10/2013 00:53:08Event TotalAdmin_EventArgs_Game_PathFollowingStart triggered at: 28/10/2013 00:53:08Event TotalAdmin_EventArgs_Game_PathFollowingStart triggered at: 28/10/2013 00:53:08Event TotalAdmin_EventArgs_Game_PathFollowingStart triggered at: 28/10/2013 00:53:08Event TotalAdmin_EventArgs_Game_PathFollowingStart triggered at: 28/10/2013 00:53:08Event TotalAdmin_EventArgs_Game_PathFollowingStart triggered at: 28/10/2013 00:53:08Event TotalAdmin_EventArgs_Game_PathFollowingStart triggered at: 28/10/2013 00:53:08Event TotalAdmin_EventArgs_Game_PathFollowingStart triggered at: 28/10/2013 00:53:08Event TotalAdmin_EventArgs_Game_PathFollowingStart triggered at: 28/10/2013 00:53:08Event TotalAdmin_EventArgs_Game_PathFollowingStart triggered at: 28/10/2013 00:53:08Event TotalAdmin_EventArgs_Game_ActorTouch triggered at: 28/10/2013 00:53:11Event TotalAdmin_EventArgs_Game_ActorTouch triggered at: 28/10/2013 00:53:11Event TotalAdmin_EventArgs_Game_ActorTouch triggered at: 28/10/2013 00:53:12Event TotalAdmin_EventArgs_Game_ActorTouch triggered at: 28/10/2013 00:53:12Event TotalAdmin_EventArgs_Game_PathFollowingFinish triggered at: 28/10/2013 00:53:12Event TotalAdmin_EventArgs_Game_PathFollowingFinish triggered at: 28/10/2013 00:53:12Event TotalAdmin_EventArgs_Game_ActorTouch triggered at: 28/10/2013 00:53:12Event TotalAdmin_EventArgs_Game_PathFollowingFinish triggered at: 28/10/2013 00:53:12Event TotalAdmin_EventArgs_Game_PathFollowingFinish triggered at: 28/10/2013 00:53:12Event TotalAdmin_EventArgs_Game_PathFollowingFinish triggered at: 28/10/2013 00:53:12Event TotalAdmin_EventArgs_Game_PathFollowingFinish triggered at: 28/10/2013 00:53:12Event TotalAdmin_EventArgs_Game_PathFollowingFinish triggered at: 28/10/2013 00:53:12Event TotalAdmin_EventArgs_Game_ActorTouch triggered at: 28/10/2013 00:53:12Event TotalAdmin_EventArgs_Game_ActorTouch triggered at: 28/10/2013 00:53:13Event TotalAdmin_EventArgs_Game_PathFollowingFinish triggered at: 28/10/2013 00:53:13Event TotalAdmin_EventArgs_Game_PathFollowingFinish triggered at: 28/10/2013 00:53:13Event TotalAdmin_EventArgs_Game_PathFollowingFinish triggered at: 28/10/2013 00:53:13Event TotalAdmin_EventArgs_Game_PathFollowingFinish triggered at: 28/10/2013 00:53:13Event TotalAdmin_EventArgs_Game_PathFollowingFinish triggered at: 28/10/2013 00:53:13Event TotalAdmin_EventArgs_Game_PathFollowingFinish triggered at: 28/10/2013 00:53:13Event TotalAdmin_EventArgs_Game_PathFollowingFinish triggered at: 28/10/2013 00:53:13Event TotalAdmin_EventArgs_Game_ActorTouch triggered at: 28/10/2013 00:53:13Event TotalAdmin_EventArgs_Game_PathFollowingFinish triggered at: 28/10/2013 00:53:13Event TotalAdmin_EventArgs_Game_PathFollowingFinish triggered at: 28/10/2013 00:53:13Event TotalAdmin_EventArgs_Game_PathFollowingFinish triggered at: 28/10/2013 00:53:13Event TotalAdmin_EventArgs_Game_PathFollowingFinish triggered at: 28/10/2013 00:53:13Event TotalAdmin_EventArgs_Game_PathFollowingFinish triggered at: 28/10/2013 00:53:13Event TotalAdmin_EventArgs_Game_PathFollowingFinish triggered at: 28/10/2013 00:53:13Event TotalAdmin_EventArgs_Game_ActorTouch triggered at: 28/10/2013 00:53:13Event TotalAdmin_EventArgs_Game_PathFollowingFinish triggered at: 28/10/2013 00:53:13Event TotalAdmin_EventArgs_Game_PathFollowingFinish triggered at: 28/10/2013 00:53:14Event TotalAdmin_EventArgs_Game_PathFollowingFinish triggered at: 28/10/2013 00:53:14Event TotalAdmin_EventArgs_Game_PathFollowingFinish triggered at: 28/10/2013 00:53:14Event TotalAdmin_EventArgs_Game_PathFollowingFinish triggered at: 28/10/2013 00:53:14Event TotalAdmin_EventArgs_Game_PathFollowingFinish triggered at: 28/10/2013 00:53:14Event TotalAdmin_EventArgs_Game_PathFollowingFinish triggered at: 28/10/2013 00:53:14Event TotalAdmin_EventArgs_Game_PathFollowingFinish triggered at: 28/10/2013 00:53:14Event TotalAdmin_EventArgs_Game_PathFollowingFinish triggered at: 28/10/2013 00:53:14Event TotalAdmin_EventArgs_Game_PathFollowingFinish triggered at: 28/10/2013 00:53:14Event TotalAdmin_EventArgs_Game_PathFollowingFinish triggered at: 28/10/2013 00:53:14Event TotalAdmin_EventArgs_Game_PathFollowingFinish triggered at: 28/10/2013 00:53:14Event TotalAdmin_EventArgs_Game_PathFollowingFinish triggered at: 28/10/2013 00:53:14Event TotalAdmin_EventArgs_Game_PathFollowingFinish triggered at: 28/10/2013 00:53:14Event TotalAdmin_EventArgs_Game_PathFollowingFinish triggered at: 28/10/2013 00:53:14Event TotalAdmin_EventArgs_Game_PathFollowingFinish triggered at: 28/10/2013 00:53:14Event TotalAdmin_EventArgs_Game_PathFollowingFinish triggered at: 28/10/2013 00:53:15Event TotalAdmin_EventArgs_Game_BlueprintTriggeredEvent triggered at: 28/10/2013 00:53:16^^^	Stopping time out thread$$$	End update thread.
</StdOut>
      </Output>
      <ResultFiles>
        <ResultFile path="game19-W8\TestMovement_Creature-Machine0.log" />
        <ResultFile path="game19-W8\TestMovement_Creature-TestLog.txt" />
      </ResultFiles>
    </UnitTestResult>
    <UnitTestResult executionId="8a0a105f-f977-4322-9afa-88104e630eac" testId="9cbe471d-f996-ef2d-323e-6b919e8b8eb3" testName="SinglePlayerlevelPlayers_guy" computerName="game19-W8" duration="00:04:48.5380379" startTime="2013-10-28T00:53:20.2539188+00:00" endTime="2013-10-28T00:58:08.7925800+00:00" testType="13cdc9d9-ddb5-4fa4-a97d-d965ccfc6d4b" outcome="Passed" testListId="8c84fa94-04c1-424b-9868-57a2d4851a1d" relativeResultsDirectory="8a0a105f-f977-4322-9afa-88104e630eac">
      <Output>
        <StdOut>Starting test SinglePlayerlevelPlayers_guyEvent TotalAdmin_EventArgs_ApplicationStartupComplete triggered at: 28/10/2013 00:53:58$$$	Start update thread.Event TotalAdmin_EventArgs_ApplicationBuildInformation triggered at: 28/10/2013 00:53:59Player 0 is running the following Build B000742All players builds are the sameEvent TitleBuildNumberArgs triggered at: 28/10/2013 00:53:59Event TotalAdmin_EventArgs_Game_levelStarted triggered at: 28/10/2013 00:53:59Event TotalAdmin_EventArgs_Game_ObjectiveChangeState triggered at: 28/10/2013 00:53:59^^^	Start time out thread with a time out of 10 minuatesEvent TotalAdmin_EventArgs_MapOpen triggered at: 28/10/2013 00:54:05Event TitleBuildNumberArgs triggered at: 28/10/2013 00:54:23Event TotalAdmin_EventArgs_Game_ActorTouch triggered at: 28/10/2013 00:54:29Event TotalAdmin_EventArgs_Game_ActorTouch triggered at: 28/10/2013 00:54:39Event TitleBuildNumberArgs triggered at: 28/10/2013 00:54:43^^^	 8.991683 left before timing outEvent TitleBuildNumberArgs triggered at: 28/10/2013 00:55:03Event TitleBuildNumberArgs triggered at: 28/10/2013 00:55:23Event TotalAdmin_EventArgs_Game_ActorTouch triggered at: 28/10/2013 00:55:30Event TotalAdmin_EventArgs_Game_levelStarted triggered at: 28/10/2013 00:55:30Event TotalAdmin_EventArgs_Game_ObjectiveChangeState triggered at: 28/10/2013 00:55:30Event TotalAdmin_EventArgs_Game_ObjectiveChangeState triggered at: 28/10/2013 00:55:31Event TotalAdmin_EventArgs_Game_ActorTouch triggered at: 28/10/2013 00:55:31Event TitleBuildNumberArgs triggered at: 28/10/2013 00:55:43Failed to open level 'level_P_Main' in under 120 secondsWaiting for 60 seconds^^^	 7.983716 left before timing outTime Left: 58.881Time Left: 57.862Event TitleBuildNumberArgs triggered at: 28/10/2013 00:56:03Time Left: 56.845Time Left: 55.826Time Left: 54.81Time Left: 53.791Time Left: 52.772Time Left: 51.754Time Left: 50.733Time Left: 49.716Time Left: 48.698Time Left: 47.67Time Left: 46.652Time Left: 45.633Time Left: 44.615Time Left: 43.577Time Left: 42.556Time Left: 41.539Time Left: 40.52Time Left: 39.479Time Left: 38.459Event TitleBuildNumberArgs triggered at: 28/10/2013 00:56:23Time Left: 37.442Time Left: 36.425Time Left: 35.406Time Left: 34.387Time Left: 33.367Time Left: 32.346Time Left: 31.302Time Left: 30.284Time Left: 29.263Event TotalAdmin_EventArgs_Game_ArenaStarted triggered at: 28/10/2013 00:56:32Event TotalAdmin_EventArgs_GameContent_levels triggered at: 28/10/2013 00:56:32Event TotalAdmin_EventArgs_Game_levelStarted triggered at: 28/10/2013 00:56:32Event TotalAdmin_EventArgs_GameContent_levels triggered at: 28/10/2013 00:56:32Event TotalAdmin_EventArgs_GameContent_levels triggered at: 28/10/2013 00:56:32Event TotalAdmin_EventArgs_Game_levelStarted triggered at: 28/10/2013 00:56:32Event TotalAdmin_EventArgs_GameContent_levels triggered at: 28/10/2013 00:56:32Event TotalAdmin_EventArgs_Game_levelStarted triggered at: 28/10/2013 00:56:32Event TotalAdmin_EventArgs_GameContent_levels triggered at: 28/10/2013 00:56:32Event TotalAdmin_EventArgs_GameContent_levels triggered at: 28/10/2013 00:56:32Event TotalAdmin_EventArgs_Game_levelStarted triggered at: 28/10/2013 00:56:32Event TotalAdmin_EventArgs_GameContent_levels triggered at: 28/10/2013 00:56:32Event TotalAdmin_EventArgs_GameContent_levels triggered at: 28/10/2013 00:56:32Event TotalAdmin_EventArgs_Game_levelStarted triggered at: 28/10/2013 00:56:32Event TotalAdmin_EventArgs_GameContent_levels triggered at: 28/10/2013 00:56:32Event TotalAdmin_EventArgs_Game_levelStarted triggered at: 28/10/2013 00:56:32Event TotalAdmin_EventArgs_GameContent_levels triggered at: 28/10/2013 00:56:32Event TotalAdmin_EventArgs_GameContent_levels triggered at: 28/10/2013 00:56:32Event TotalAdmin_EventArgs_Game_levelStarted triggered at: 28/10/2013 00:56:32Event TotalAdmin_EventArgs_GameContent_levels triggered at: 28/10/2013 00:56:32Event TotalAdmin_EventArgs_Game_ObjectiveChangeState triggered at: 28/10/2013 00:56:32Event TotalAdmin_EventArgs_Game_ArenaStarted triggered at: 28/10/2013 00:56:32Event TotalAdmin_EventArgs_Game_ObjectiveChangeState triggered at: 28/10/2013 00:56:32Event TotalAdmin_EventArgs_Game_ArenaStarted triggered at: 28/10/2013 00:56:32Time Left: 28.244Time Left: 27.146Time Left: 26.127Time Left: 25.11Time Left: 24.09Time Left: 23.071Time Left: 22.052Time Left: 21.032Time Left: 20.014Time Left: 18.995Time Left: 17.976Event TitleBuildNumberArgs triggered at: 28/10/2013 00:56:43Time Left: 16.958Time Left: 15.94Time Left: 14.921Time Left: 13.902Time Left: 12.887Time Left: 11.869Time Left: 10.849Time Left: 9.832Time Left: 8.811Time Left: 7.796Time Left: 6.779Time Left: 5.762Time Left: 4.744Time Left: 3.727Time Left: 2.708Time Left: 1.694Time Left: 0.677Waiting Complete+++	Starting task &lt;SendCommandTask&gt;b__37Event TotalAdmin_EventArgs_Game_ActorTouch triggered at: 28/10/2013 00:57:01Event TotalAdmin_EventArgs_Game_ActorTouch triggered at: 28/10/2013 00:57:01Event TotalAdmin_EventArgs_Game_ActorTouch triggered at: 28/10/2013 00:57:01Event TotalAdmin_EventArgs_Game_PlayerBioChanged triggered at: 28/10/2013 00:57:01+++	Finishing task &lt;SendCommandTask&gt;b__37+++	Starting task &lt;WaitTask&gt;b__34Waiting for 15 seconds^^^	 6.975217 left before timing outTime Left: 13.883Event TitleBuildNumberArgs triggered at: 28/10/2013 00:57:03Time Left: 12.867Time Left: 11.849Time Left: 10.832Time Left: 9.815Time Left: 8.796Time Left: 7.78Time Left: 6.762Time Left: 5.744Time Left: 4.728Time Left: 3.711Time Left: 2.691Time Left: 1.671Time Left: 0.652Waiting Complete+++	Finishing task &lt;WaitTask&gt;b__34+++	Starting task &lt;TakeScreenShotTask&gt;b__19Taking screenshot from: 0 with name BIO_guyGetting listing for
\engine\gameGame\Saved\BugIt\console\ToolsTempScreenShotGetting listing for
\engine\gameGame\Saved\BugIt\console\ToolsTempScreenShot\level_P_Main-console-1800264+++	Finishing task &lt;TakeScreenShotTask&gt;b__19+++	Starting task &lt;WaitTask&gt;b__34Waiting for 15 secondsTime Left: 13.882Time Left: 12.866Time Left: 11.845Time Left: 10.826Event TitleBuildNumberArgs triggered at: 28/10/2013 00:57:23Time Left: 9.808Time Left: 8.79Time Left: 7.774Time Left: 6.756Time Left: 5.739Time Left: 4.722Time Left: 3.704Time Left: 2.688Time Left: 1.67Event TotalAdmin_EventArgs_Game_ArenaStarted triggered at: 28/10/2013 00:57:33Event TotalAdmin_EventArgs_Game_ObjectiveChangeState triggered at: 28/10/2013 00:57:33Event TotalAdmin_EventArgs_Game_ObjectiveChangeState triggered at: 28/10/2013 00:57:33Time Left: 0.652Event TotalAdmin_EventArgs_Game_ObjectiveChangeState triggered at: 28/10/2013 00:57:33Event TotalAdmin_EventArgs_Game_ArenaStarted triggered at: 28/10/2013 00:57:33Event TotalAdmin_EventArgs_Game_ObjectiveChangeState triggered at: 28/10/2013 00:57:33Event TotalAdmin_EventArgs_Game_ArenaStarted triggered at: 28/10/2013 00:57:33Waiting Complete+++	Finishing task &lt;WaitTask&gt;b__34+++	Starting task &lt;TriggerAbilityForTask&gt;b__16Event TotalAdmin_EventArgs_Game_PerformAbility triggered at: 28/10/2013 00:57:34Waiting for 4 secondsTime Left: 2.883Time Left: 1.865Time Left: 0.844Waiting CompleteEvent TotalAdmin_EventArgs_Game_PerformAbility triggered at: 28/10/2013 00:57:38+++	Finishing task &lt;TriggerAbilityForTask&gt;b__16+++	Starting task &lt;WaitTask&gt;b__34Waiting for 3 secondsTime Left: 1.88Time Left: 0.862Waiting Complete+++	Finishing task &lt;WaitTask&gt;b__34+++	Starting task &lt;TriggerAbilityForTask&gt;b__16Event TotalAdmin_EventArgs_Game_PerformAbility triggered at: 28/10/2013 00:57:42Waiting for 4 secondsTime Left: 2.884Event TitleBuildNumberArgs triggered at: 28/10/2013 00:57:43Time Left: 1.867Time Left: 0.848Waiting CompleteEvent TotalAdmin_EventArgs_Game_PerformAbility triggered at: 28/10/2013 00:57:46+++	Finishing task &lt;TriggerAbilityForTask&gt;b__16+++	Starting task &lt;WaitTask&gt;b__34Waiting for 3 secondsTime Left: 1.88Time Left: 0.862Waiting Complete+++	Finishing task &lt;WaitTask&gt;b__34+++	Starting task &lt;TriggerAbilityForTask&gt;b__16Event TotalAdmin_EventArgs_Game_PerformAbility triggered at: 28/10/2013 00:57:49Waiting for 4 secondsTime Left: 2.883Time Left: 1.868Time Left: 0.851Waiting Complete+++	Finishing task &lt;TriggerAbilityForTask&gt;b__16+++	Starting task &lt;WaitTask&gt;b__34Waiting for 3 secondsTime Left: 1.884Time Left: 0.866Waiting Complete+++	Finishing task &lt;WaitTask&gt;b__34+++	Starting task &lt;TriggerAbilityForTask&gt;b__16Event TotalAdmin_EventArgs_Game_PerformAbility triggered at: 28/10/2013 00:57:57Waiting for 4 secondsTime Left: 2.881Time Left: 1.865Time Left: 0.849Waiting Complete+++	Finishing task &lt;TriggerAbilityForTask&gt;b__16+++	Starting task &lt;WaitTask&gt;b__34Waiting for 3 seconds^^^	 5.967183 left before timing outTime Left: 1.882Event TitleBuildNumberArgs triggered at: 28/10/2013 00:58:03Time Left: 0.828Waiting Complete+++	Finishing task &lt;WaitTask&gt;b__34^^^	Stopping time out thread$$$	End update thread.
</StdOut>
      </Output>
      <ResultFiles>
        <ResultFile path="game19-W8\SinglePlayerlevelPlayers_guy-BIO_guy.jpg" />
        <ResultFile path="game19-W8\SinglePlayerlevelPlayers_guy-Machine0.log" />
        <ResultFile path="game19-W8\SinglePlayerlevelPlayers_guy-TestLog.txt" />
      </ResultFiles>
    </UnitTestResult>

    <UnitTestResult executionId="2a7a1ec1-9c1c-45df-9a8b-9987c309ad2f" testId="189b99df-c877-cf9e-705c-f4ed1c1c9c5f" testName="SinglePlayerlevelPlayers_girl" computerName="game19-W8" duration="00:05:57.7280728" startTime="2013-10-28T01:03:00.0981697+00:00" endTime="2013-10-28T01:08:57.8270342+00:00" testType="13cdc9d9-ddb5-4fa4-a97d-d965ccfc6d4b" outcome="Failed" testListId="8c84fa94-04c1-424b-9868-57a2d4851a1d" relativeResultsDirectory="2a7a1ec1-9c1c-45df-9a8b-9987c309ad2f">
      <Output>
        <StdOut></StdOut>
        <ErrorInfo>
          <Message>Assert.Fail failed. Failed to trigger the following abilities: fire, </Message>
          <StackTrace>   at SmokeTests.SinglePlayerlevelTests.PlayerTestWork(String bio, String[] abilities)
   at SmokeTests.SinglePlayerlevelTests.SinglePlayerlevelPlayers_girl()
</StackTrace>
        </ErrorInfo>
      </Output>
      <ResultFiles>
        <ResultFile path="game19-W8\SinglePlayerlevelPlayers_girl-BIO_girl.jpg" />
        <ResultFile path="game19-W8\SinglePlayerlevelPlayers_girl-Machine0.log" />
        <ResultFile path="game19-W8\SinglePlayerlevelPlayers_girl-TestLog.txt" />
      </ResultFiles>
    </UnitTestResult>
    <UnitTestResult executionId="04aa97e3-fe5a-4b78-854f-0628ad1b8cfd" testId="54e65f4c-ae9f-9078-3748-f1001bc6a765" testName="levelTravel_guy" computerName="game19-W8" duration="00:04:32.4823245" startTime="2013-10-28T01:13:40.6707721+00:00" endTime="2013-10-28T01:18:13.1540993+00:00" testType="13cdc9d9-ddb5-4fa4-a97d-d965ccfc6d4b" outcome="Passed" testListId="8c84fa94-04c1-424b-9868-57a2d4851a1d" relativeResultsDirectory="04aa97e3-fe5a-4b78-854f-0628ad1b8cfd">
      <Output>
        <StdOut>Starting test levelTravel_guyEvent TotalAdmin_EventArgs_ApplicationStartupComplete triggered at: 28/10/2013 01:14:14Event TotalAdmin_EventArgs_ApplicationBuildInformation triggered at: 28/10/2013 01:14:14Player 0 is running the following Build B000742All players builds are the sameEvent TotalAdmin_EventArgs_Game_levelStarted triggered at: 28/10/2013 01:14:14Event TotalAdmin_EventArgs_Game_ObjectiveChangeState triggered at: 28/10/2013 01:14:14$$$	Start update thread.Event TitleBuildNumberArgs triggered at: 28/10/2013 01:14:16^^^	Start time out thread with a time out of 10 minuates*** 	Changing to state LoadLevel*** 	Starting state LoadLevelWaiting for 5 secondsTime Left: 3.873Time Left: 2.853Time Left: 1.827Time Left: 0.803Waiting CompleteEvent TotalAdmin_EventArgs_MapOpen triggered at: 28/10/2013 01:14:27Event TitleBuildNumberArgs triggered at: 28/10/2013 01:14:44^^^	 8.991767 left before timing outEvent TotalAdmin_EventArgs_MapOpenComplete triggered at: 28/10/2013 01:15:21*** 	Changing to state Setup*** 	Cancelling the current State LoadLevel*** 	Starting state SetupWaiting for 30 secondsTime Left: 28.876Time Left: 27.852Time Left: 26.827Time Left: 25.796Event TitleBuildNumberArgs triggered at: 28/10/2013 01:15:25Event TotalAdmin_EventArgs_Audio_PerformanceWarning triggered at: 28/10/2013 01:15:25Time Left: 24.775Time Left: 23.748Time Left: 22.721Time Left: 21.692Event TotalAdmin_EventArgs_Game_ActorTouch triggered at: 28/10/2013 01:15:29Event TotalAdmin_EventArgs_Game_ActorTouch triggered at: 28/10/2013 01:15:29Event TotalAdmin_EventArgs_Game_ActorTouch triggered at: 28/10/2013 01:15:29Event TotalAdmin_EventArgs_Game_levelStarted triggered at: 28/10/2013 01:15:29Event TotalAdmin_EventArgs_Game_ObjectiveChangeState triggered at: 28/10/2013 01:15:29Time Left: 20.668Time Left: 19.643Time Left: 18.616Time Left: 17.59Time Left: 16.567Time Left: 15.541Time Left: 14.515Time Left: 13.492Time Left: 12.468Time Left: 11.445Time Left: 10.42Time Left: 9.398Time Left: 8.373Time Left: 7.346Time Left: 6.322Event TitleBuildNumberArgs triggered at: 28/10/2013 01:15:45Time Left: 5.294Time Left: 4.268Time Left: 3.244Time Left: 2.217Time Left: 1.193Time Left: 0.168Waiting CompleteWaiting for 10 secondsTime Left: 8.876Time Left: 7.852Time Left: 6.826Time Left: 5.8Time Left: 4.775Time Left: 3.75Time Left: 2.725Time Left: 1.703Time Left: 0.675Waiting CompleteEvent TotalAdmin_EventArgs_Game_ActorTouch triggered at: 28/10/2013 01:16:01Event TotalAdmin_EventArgs_Game_ObjectiveChangeState triggered at: 28/10/2013 01:16:01Waiting for 20 secondsEvent TotalAdmin_EventArgs_Game_ObjectiveChangeState triggered at: 28/10/2013 01:16:01Event TotalAdmin_EventArgs_Game_ObjectiveChangeState triggered at: 28/10/2013 01:16:01Time Left: 18.875Time Left: 17.85Time Left: 16.824Event TitleBuildNumberArgs triggered at: 28/10/2013 01:16:05Time Left: 15.798Time Left: 14.774Time Left: 13.747Time Left: 12.72Time Left: 11.695Time Left: 10.671Time Left: 9.647Time Left: 8.622Time Left: 7.596Time Left: 6.57Time Left: 5.547Time Left: 4.52Time Left: 3.498^^^	 7.983284 left before timing outTime Left: 2.473Time Left: 1.448Time Left: 0.423Waiting Complete+++	Starting task &lt;GetPlayerIdAndSetToAITask&gt;b__1cGetPlayerIdAndSetToAIEvent TotalAdmin_EventArgs_Game_ActorTouch triggered at: 28/10/2013 01:16:22Event TotalAdmin_EventArgs_Game_ActorTouch triggered at: 28/10/2013 01:16:22Event TotalAdmin_EventArgs_Game_ActorTouch triggered at: 28/10/2013 01:16:22Event TotalAdmin_EventArgs_Game_ActorTouch triggered at: 28/10/2013 01:16:22Event TotalAdmin_EventArgs_Game_ActorTouch triggered at: 28/10/2013 01:16:22Event TotalAdmin_EventArgs_Game_ActorTouch triggered at: 28/10/2013 01:16:22Event TotalAdmin_EventArgs_Game_PlayerBioChanged triggered at: 28/10/2013 01:16:22Event TotalAdmin_EventArgs_Game_PlayerActorDetails triggered at: 28/10/2013 01:16:24BP_PWN_guy_C_0 is at Microsoft.Internal.GamesTest.gameUDCProject.Vector3Event TitleBuildNumberArgs triggered at: 28/10/2013 01:16:25+++	Finishing task &lt;GetPlayerIdAndSetToAITask&gt;b__1cWaiting for 5 secondsEvent TotalAdmin_EventArgs_Audio_PerformanceWarning triggered at: 28/10/2013 01:16:25Time Left: 3.875Time Left: 2.85Time Left: 1.823Time Left: 0.797Waiting Complete*** 	Starting state Move1+++	Starting task &lt;MovePlayerToPointUsingNavigationWaitTask&gt;b__2bEvent TotalAdmin_EventArgs_Game_PathFollowingStart triggered at: 28/10/2013 01:16:31Event TotalAdmin_EventArgs_Game_ActorTouch triggered at: 28/10/2013 01:16:31Start wait time: 28/10/2013 01:16:31 Event TotalAdmin_EventArgs_Game_ActorTouch triggered at: 28/10/2013 01:16:36Event TotalAdmin_EventArgs_Game_ActorTouch triggered at: 28/10/2013 01:16:36Event TotalAdmin_EventArgs_Game_ActorTouch triggered at: 28/10/2013 01:16:36Event TotalAdmin_EventArgs_Game_ActorTouch triggered at: 28/10/2013 01:16:36Event TotalAdmin_EventArgs_Game_CreatureSpawned triggered at: 28/10/2013 01:16:36Event TotalAdmin_EventArgs_Game_ActorTouch triggered at: 28/10/2013 01:16:36Event TotalAdmin_EventArgs_Game_ActorTouch triggered at: 28/10/2013 01:16:36Event TotalAdmin_EventArgs_Game_ActorTouch triggered at: 28/10/2013 01:16:36Event TotalAdmin_EventArgs_Game_CreatureSpawned triggered at: 28/10/2013 01:16:36Event TotalAdmin_EventArgs_Game_PathFollowingFinish triggered at: 28/10/2013 01:16:39Event TotalAdmin_EventArgs_Game_PathFollowingFinish triggered at: 28/10/2013 01:16:39End wait time: 28/10/2013 01:16:39 +++	Finishing task &lt;MovePlayerToPointUsingNavigationWaitTask&gt;b__2b+++	Starting task &lt;WaitTask&gt;b__34Waiting for 5 secondsTime Left: 3.876Time Left: 2.848Time Left: 1.821Time Left: 0.797Waiting Complete+++	Finishing task &lt;WaitTask&gt;b__34*** 	Starting state Move2+++	Starting task &lt;MovePlayerToPointUsingNavigationWaitTask&gt;b__2bEvent TotalAdmin_EventArgs_Game_PathFollowingStart triggered at: 28/10/2013 01:16:45Event TitleBuildNumberArgs triggered at: 28/10/2013 01:16:45Start wait time: 28/10/2013 01:16:45 Event TotalAdmin_EventArgs_Game_ActorTouch triggered at: 28/10/2013 01:16:49Event TotalAdmin_EventArgs_Game_ActorTouch triggered at: 28/10/2013 01:16:53Event TotalAdmin_EventArgs_Game_ActorTouch triggered at: 28/10/2013 01:16:57Event TotalAdmin_EventArgs_Game_PathFollowingStart triggered at: 28/10/2013 01:16:58Event TotalAdmin_EventArgs_Game_PathFollowingStart triggered at: 28/10/2013 01:16:58Event TotalAdmin_EventArgs_Game_PathFollowingStart triggered at: 28/10/2013 01:16:59Event TotalAdmin_EventArgs_Game_PathFollowingStart triggered at: 28/10/2013 01:16:59Event TotalAdmin_EventArgs_Game_PathFollowingStart triggered at: 28/10/2013 01:16:59Event TotalAdmin_EventArgs_Game_PathFollowingStart triggered at: 28/10/2013 01:16:59Event TotalAdmin_EventArgs_Game_PathFollowingStart triggered at: 28/10/2013 01:16:59Event TotalAdmin_EventArgs_Game_PathFollowingStart triggered at: 28/10/2013 01:16:59Event TotalAdmin_EventArgs_Game_PathFollowingStart triggered at: 28/10/2013 01:16:59Event TotalAdmin_EventArgs_Game_PathFollowingStart triggered at: 28/10/2013 01:16:59Event TotalAdmin_EventArgs_Game_PathFollowingStart triggered at: 28/10/2013 01:16:59Event TotalAdmin_EventArgs_Game_PathFollowingStart triggered at: 28/10/2013 01:16:59Event TotalAdmin_EventArgs_Game_PathFollowingStart triggered at: 28/10/2013 01:16:59Event TotalAdmin_EventArgs_Game_PathFollowingStart triggered at: 28/10/2013 01:16:59Event TotalAdmin_EventArgs_Game_PathFollowingStart triggered at: 28/10/2013 01:16:59Event TotalAdmin_EventArgs_Game_PathFollowingStart triggered at: 28/10/2013 01:16:59Event TotalAdmin_EventArgs_Game_PathFollowingStart triggered at: 28/10/2013 01:16:59Event TotalAdmin_EventArgs_Game_PathFollowingStart triggered at: 28/10/2013 01:16:59Event TotalAdmin_EventArgs_Game_PathFollowingStart triggered at: 28/10/2013 01:16:59Event TotalAdmin_EventArgs_Game_PathFollowingStart triggered at: 28/10/2013 01:16:59Event TotalAdmin_EventArgs_Game_PathFollowingStart triggered at: 28/10/2013 01:16:59Event TotalAdmin_EventArgs_Game_PathFollowingStart triggered at: 28/10/2013 01:17:00Event TotalAdmin_EventArgs_Game_PathFollowingStart triggered at: 28/10/2013 01:17:00Event TotalAdmin_EventArgs_Game_PathFollowingStart triggered at: 28/10/2013 01:17:00Event TotalAdmin_EventArgs_Game_PathFollowingStart triggered at: 28/10/2013 01:17:00Event TotalAdmin_EventArgs_Game_PathFollowingStart triggered at: 28/10/2013 01:17:00Event TotalAdmin_EventArgs_Game_PathFollowingStart triggered at: 28/10/2013 01:17:00Event TotalAdmin_EventArgs_Game_PathFollowingStart triggered at: 28/10/2013 01:17:00Event TotalAdmin_EventArgs_Game_PathFollowingStart triggered at: 28/10/2013 01:17:00Event TotalAdmin_EventArgs_Game_PathFollowingStart triggered at: 28/10/2013 01:17:00Event TotalAdmin_EventArgs_Game_PathFollowingStart triggered at: 28/10/2013 01:17:00Event TotalAdmin_EventArgs_Game_PathFollowingStart triggered at: 28/10/2013 01:17:00Event TotalAdmin_EventArgs_Game_PathFollowingStart triggered at: 28/10/2013 01:17:00Event TotalAdmin_EventArgs_Game_PathFollowingStart triggered at: 28/10/2013 01:17:00Event TotalAdmin_EventArgs_Game_PathFollowingStart triggered at: 28/10/2013 01:17:00Event TotalAdmin_EventArgs_Game_PathFollowingStart triggered at: 28/10/2013 01:17:00Event TotalAdmin_EventArgs_Game_PathFollowingStart triggered at: 28/10/2013 01:17:00Event TotalAdmin_EventArgs_Game_PathFollowingStart triggered at: 28/10/2013 01:17:00Event TotalAdmin_EventArgs_Game_PathFollowingFinish triggered at: 28/10/2013 01:17:00Event TotalAdmin_EventArgs_Game_PerformAbility triggered at: 28/10/2013 01:17:00Event TotalAdmin_EventArgs_Game_PathFollowingStart triggered at: 28/10/2013 01:17:00Event TotalAdmin_EventArgs_Game_PathFollowingStart triggered at: 28/10/2013 01:17:00Event TotalAdmin_EventArgs_Game_PathFollowingFinish triggered at: 28/10/2013 01:17:00Event TotalAdmin_EventArgs_Game_PathFollowingStart triggered at: 28/10/2013 01:17:01Event TotalAdmin_EventArgs_Game_PathFollowingStart triggered at: 28/10/2013 01:17:01Event TotalAdmin_EventArgs_Game_PathFollowingStart triggered at: 28/10/2013 01:17:01Event TotalAdmin_EventArgs_Game_PathFollowingStart triggered at: 28/10/2013 01:17:01Event TotalAdmin_EventArgs_Game_PathFollowingStart triggered at: 28/10/2013 01:17:01Event TotalAdmin_EventArgs_Game_PathFollowingStart triggered at: 28/10/2013 01:17:01Event TotalAdmin_EventArgs_Game_PathFollowingFinish triggered at: 28/10/2013 01:17:01Event TotalAdmin_EventArgs_Game_PathFollowingFinish triggered at: 28/10/2013 01:17:01Event TotalAdmin_EventArgs_Game_PathFollowingFinish triggered at: 28/10/2013 01:17:01Event TotalAdmin_EventArgs_Game_ActorTouch triggered at: 28/10/2013 01:17:02Event TotalAdmin_EventArgs_Game_ActorTouch triggered at: 28/10/2013 01:17:02Event TotalAdmin_EventArgs_Game_PathFollowingStart triggered at: 28/10/2013 01:17:03Event TotalAdmin_EventArgs_Game_PathFollowingStart triggered at: 28/10/2013 01:17:03Event TotalAdmin_EventArgs_Game_PathFollowingStart triggered at: 28/10/2013 01:17:03Event TotalAdmin_EventArgs_Game_PathFollowingStart triggered at: 28/10/2013 01:17:03Event TotalAdmin_EventArgs_Game_PathFollowingStart triggered at: 28/10/2013 01:17:03Event TotalAdmin_EventArgs_Game_PathFollowingStart triggered at: 28/10/2013 01:17:03Event TotalAdmin_EventArgs_Game_PathFollowingStart triggered at: 28/10/2013 01:17:03Event TotalAdmin_EventArgs_Game_PathFollowingStart triggered at: 28/10/2013 01:17:03Event TotalAdmin_EventArgs_Game_ActorTouch triggered at: 28/10/2013 01:17:03Event TotalAdmin_EventArgs_Game_PerformAbility triggered at: 28/10/2013 01:17:03Event TotalAdmin_EventArgs_Game_PathFollowingFinish triggered at: 28/10/2013 01:17:03Event TotalAdmin_EventArgs_Game_PathFollowingStart triggered at: 28/10/2013 01:17:03Event TotalAdmin_EventArgs_Game_PathFollowingFinish triggered at: 28/10/2013 01:17:03Event TotalAdmin_EventArgs_Game_PerformAbility triggered at: 28/10/2013 01:17:03Event TotalAdmin_EventArgs_Game_PathFollowingStart triggered at: 28/10/2013 01:17:03End wait time: 28/10/2013 01:17:03 Event TotalAdmin_EventArgs_Game_PathFollowingStart triggered at: 28/10/2013 01:17:03+++	Finishing task &lt;MovePlayerToPointUsingNavigationWaitTask&gt;b__2bEvent TotalAdmin_EventArgs_Game_PathFollowingStart triggered at: 28/10/2013 01:17:03Event TotalAdmin_EventArgs_Game_PathFollowingStart triggered at: 28/10/2013 01:17:03+++	Starting task &lt;WaitTask&gt;b__34Waiting for 5 secondsEvent TotalAdmin_EventArgs_Game_PathFollowingStart triggered at: 28/10/2013 01:17:04Event TotalAdmin_EventArgs_Game_PathFollowingStart triggered at: 28/10/2013 01:17:04Event TotalAdmin_EventArgs_Game_PathFollowingFinish triggered at: 28/10/2013 01:17:04Event TotalAdmin_EventArgs_Game_PathFollowingStart triggered at: 28/10/2013 01:17:04Event TotalAdmin_EventArgs_Game_PathFollowingStart triggered at: 28/10/2013 01:17:04Event TotalAdmin_EventArgs_Game_PathFollowingStart triggered at: 28/10/2013 01:17:04Event TotalAdmin_EventArgs_Game_PathFollowingStart triggered at: 28/10/2013 01:17:04Event TotalAdmin_EventArgs_Game_PathFollowingStart triggered at: 28/10/2013 01:17:04Event TotalAdmin_EventArgs_Game_PathFollowingStart triggered at: 28/10/2013 01:17:04Event TotalAdmin_EventArgs_Game_PathFollowingStart triggered at: 28/10/2013 01:17:04Event TotalAdmin_EventArgs_Game_PathFollowingStart triggered at: 28/10/2013 01:17:04Event TotalAdmin_EventArgs_Game_PathFollowingStart triggered at: 28/10/2013 01:17:04Event TotalAdmin_EventArgs_Game_PathFollowingStart triggered at: 28/10/2013 01:17:04Event TotalAdmin_EventArgs_Game_PathFollowingStart triggered at: 28/10/2013 01:17:04Event TotalAdmin_EventArgs_Game_PathFollowingStart triggered at: 28/10/2013 01:17:04Event TotalAdmin_EventArgs_Game_PathFollowingStart triggered at: 28/10/2013 01:17:04Event TotalAdmin_EventArgs_Game_PathFollowingStart triggered at: 28/10/2013 01:17:04Event TotalAdmin_EventArgs_Game_PathFollowingStart triggered at: 28/10/2013 01:17:04Event TotalAdmin_EventArgs_Game_PathFollowingStart triggered at: 28/10/2013 01:17:04Event TotalAdmin_EventArgs_Game_PathFollowingStart triggered at: 28/10/2013 01:17:05Event TotalAdmin_EventArgs_Game_PathFollowingStart triggered at: 28/10/2013 01:17:05Event TotalAdmin_EventArgs_Game_PathFollowingStart triggered at: 28/10/2013 01:17:05Event TotalAdmin_EventArgs_Game_PathFollowingStart triggered at: 28/10/2013 01:17:05Time Left: 3.873Event TotalAdmin_EventArgs_Game_PathFollowingStart triggered at: 28/10/2013 01:17:05Event TotalAdmin_EventArgs_Game_PathFollowingStart triggered at: 28/10/2013 01:17:05Event TotalAdmin_EventArgs_Game_PathFollowingStart triggered at: 28/10/2013 01:17:05Event TotalAdmin_EventArgs_Game_PathFollowingStart triggered at: 28/10/2013 01:17:05Event TotalAdmin_EventArgs_Game_PathFollowingStart triggered at: 28/10/2013 01:17:05Event TotalAdmin_EventArgs_Game_PathFollowingStart triggered at: 28/10/2013 01:17:05Event TotalAdmin_EventArgs_Game_PathFollowingStart triggered at: 28/10/2013 01:17:05Event TotalAdmin_EventArgs_Game_PathFollowingStart triggered at: 28/10/2013 01:17:05Event TotalAdmin_EventArgs_Game_PathFollowingStart triggered at: 28/10/2013 01:17:05Event TotalAdmin_EventArgs_Game_PathFollowingStart triggered at: 28/10/2013 01:17:05Event TotalAdmin_EventArgs_Game_PathFollowingFinish triggered at: 28/10/2013 01:17:05Event TotalAdmin_EventArgs_Game_ActorTouch triggered at: 28/10/2013 01:17:05Event TotalAdmin_EventArgs_Game_PathFollowingFinish triggered at: 28/10/2013 01:17:05Event TotalAdmin_EventArgs_Game_PathFollowingFinish triggered at: 28/10/2013 01:17:05Event TitleBuildNumberArgs triggered at: 28/10/2013 01:17:05Time Left: 2.851Event TotalAdmin_EventArgs_Game_PerformAbility triggered at: 28/10/2013 01:17:06Event TotalAdmin_EventArgs_Game_PathFollowingFinish triggered at: 28/10/2013 01:17:07Event TotalAdmin_EventArgs_Game_ActorTouch triggered at: 28/10/2013 01:17:07Event TotalAdmin_EventArgs_Game_PathFollowingFinish triggered at: 28/10/2013 01:17:07Event TotalAdmin_EventArgs_Game_PerformAbility triggered at: 28/10/2013 01:17:07Time Left: 1.827Event TotalAdmin_EventArgs_Game_PathFollowingFinish triggered at: 28/10/2013 01:17:07Event TotalAdmin_EventArgs_Game_PathFollowingFinish triggered at: 28/10/2013 01:17:07Event TotalAdmin_EventArgs_Game_PathFollowingFinish triggered at: 28/10/2013 01:17:07Event TotalAdmin_EventArgs_Game_PathFollowingFinish triggered at: 28/10/2013 01:17:07Event TotalAdmin_EventArgs_Game_PathFollowingFinish triggered at: 28/10/2013 01:17:07Event TotalAdmin_EventArgs_Game_PathFollowingFinish triggered at: 28/10/2013 01:17:07Event TotalAdmin_EventArgs_Game_PathFollowingFinish triggered at: 28/10/2013 01:17:07Event TotalAdmin_EventArgs_Game_PathFollowingFinish triggered at: 28/10/2013 01:17:07Event TotalAdmin_EventArgs_Game_PathFollowingFinish triggered at: 28/10/2013 01:17:07Event TotalAdmin_EventArgs_Game_PathFollowingFinish triggered at: 28/10/2013 01:17:07Event TotalAdmin_EventArgs_Game_PathFollowingFinish triggered at: 28/10/2013 01:17:07Event TotalAdmin_EventArgs_Game_PathFollowingFinish triggered at: 28/10/2013 01:17:07Event TotalAdmin_EventArgs_Game_PathFollowingFinish triggered at: 28/10/2013 01:17:07Event TotalAdmin_EventArgs_Game_PathFollowingFinish triggered at: 28/10/2013 01:17:08Event TotalAdmin_EventArgs_Game_PerformAbility triggered at: 28/10/2013 01:17:08Event TotalAdmin_EventArgs_Game_PathFollowingFinish triggered at: 28/10/2013 01:17:08Time Left: 0.802Event TotalAdmin_EventArgs_Game_PathFollowingFinish triggered at: 28/10/2013 01:17:08Event TotalAdmin_EventArgs_Game_PathFollowingFinish triggered at: 28/10/2013 01:17:08Event TotalAdmin_EventArgs_Game_PathFollowingFinish triggered at: 28/10/2013 01:17:08Event TotalAdmin_EventArgs_Game_PathFollowingFinish triggered at: 28/10/2013 01:17:08Event TotalAdmin_EventArgs_Game_PathFollowingFinish triggered at: 28/10/2013 01:17:08Event TotalAdmin_EventArgs_Game_PathFollowingFinish triggered at: 28/10/2013 01:17:08Event TotalAdmin_EventArgs_Game_PathFollowingFinish triggered at: 28/10/2013 01:17:08Event TotalAdmin_EventArgs_Game_PathFollowingFinish triggered at: 28/10/2013 01:17:08Event TotalAdmin_EventArgs_Game_PathFollowingFinish triggered at: 28/10/2013 01:17:08Event TotalAdmin_EventArgs_Game_PathFollowingFinish triggered at: 28/10/2013 01:17:08Event TotalAdmin_EventArgs_Game_PathFollowingFinish triggered at: 28/10/2013 01:17:08Event TotalAdmin_EventArgs_Game_PathFollowingFinish triggered at: 28/10/2013 01:17:08Event TotalAdmin_EventArgs_Game_PathFollowingFinish triggered at: 28/10/2013 01:17:08Event TotalAdmin_EventArgs_Game_PathFollowingFinish triggered at: 28/10/2013 01:17:08Event TotalAdmin_EventArgs_Game_PathFollowingFinish triggered at: 28/10/2013 01:17:08Event TotalAdmin_EventArgs_Game_PathFollowingFinish triggered at: 28/10/2013 01:17:09Waiting CompleteEvent TotalAdmin_EventArgs_Game_PathFollowingFinish triggered at: 28/10/2013 01:17:09+++	Finishing task &lt;WaitTask&gt;b__34Event TotalAdmin_EventArgs_Game_PathFollowingFinish triggered at: 28/10/2013 01:17:09Event TotalAdmin_EventArgs_Game_PathFollowingFinish triggered at: 28/10/2013 01:17:09+++	Starting task &lt;MovePlayerToPointUsingNavigationWaitTask&gt;b__2bEvent TotalAdmin_EventArgs_Game_PathFollowingFinish triggered at: 28/10/2013 01:17:09Event TotalAdmin_EventArgs_Game_PathFollowingFinish triggered at: 28/10/2013 01:17:09Event TotalAdmin_EventArgs_Game_PathFollowingFinish triggered at: 28/10/2013 01:17:09Event TotalAdmin_EventArgs_Game_PathFollowingFinish triggered at: 28/10/2013 01:17:09Event TotalAdmin_EventArgs_Game_PathFollowingFinish triggered at: 28/10/2013 01:17:09Event TotalAdmin_EventArgs_Game_PathFollowingFinish triggered at: 28/10/2013 01:17:09Event TotalAdmin_EventArgs_Game_PathFollowingFinish triggered at: 28/10/2013 01:17:09Event TotalAdmin_EventArgs_Game_PathFollowingFinish triggered at: 28/10/2013 01:17:09Event TotalAdmin_EventArgs_Game_PathFollowingFinish triggered at: 28/10/2013 01:17:09Event TotalAdmin_EventArgs_Game_PathFollowingFinish triggered at: 28/10/2013 01:17:09Event TotalAdmin_EventArgs_Game_PathFollowingFinish triggered at: 28/10/2013 01:17:09Event TotalAdmin_EventArgs_Game_PathFollowingFinish triggered at: 28/10/2013 01:17:09Event TotalAdmin_EventArgs_Game_PathFollowingFinish triggered at: 28/10/2013 01:17:10Event TotalAdmin_EventArgs_Game_PathFollowingFinish triggered at: 28/10/2013 01:17:10Event TotalAdmin_EventArgs_Game_PathFollowingStart triggered at: 28/10/2013 01:17:10Event TotalAdmin_EventArgs_Game_PerformAbility triggered at: 28/10/2013 01:17:10Event TotalAdmin_EventArgs_Game_PathFollowingFinish triggered at: 28/10/2013 01:17:10Event TotalAdmin_EventArgs_Game_PathFollowingFinish triggered at: 28/10/2013 01:17:10Event TotalAdmin_EventArgs_Game_PathFollowingFinish triggered at: 28/10/2013 01:17:10Event TotalAdmin_EventArgs_Game_PathFollowingFinish triggered at: 28/10/2013 01:17:10Event TotalAdmin_EventArgs_Game_PathFollowingFinish triggered at: 28/10/2013 01:17:10Event TotalAdmin_EventArgs_Game_PathFollowingFinish triggered at: 28/10/2013 01:17:10Event TotalAdmin_EventArgs_Game_PathFollowingFinish triggered at: 28/10/2013 01:17:10Event TotalAdmin_EventArgs_Game_PathFollowingFinish triggered at: 28/10/2013 01:17:10Start wait time: 28/10/2013 01:17:10 Event TotalAdmin_EventArgs_Game_PathFollowingFinish triggered at: 28/10/2013 01:17:10Event TotalAdmin_EventArgs_Game_PathFollowingFinish triggered at: 28/10/2013 01:17:10Event TotalAdmin_EventArgs_Game_PathFollowingFinish triggered at: 28/10/2013 01:17:10End wait time: 28/10/2013 01:17:10 Event TotalAdmin_EventArgs_Game_PathFollowingFinish triggered at: 28/10/2013 01:17:10+++	Finishing task &lt;MovePlayerToPointUsingNavigationWaitTask&gt;b__2bEvent TotalAdmin_EventArgs_Game_PathFollowingFinish triggered at: 28/10/2013 01:17:10Event TotalAdmin_EventArgs_Game_PathFollowingFinish triggered at: 28/10/2013 01:17:10Event TotalAdmin_EventArgs_Game_PathFollowingStart triggered at: 28/10/2013 01:17:10+++	Starting task &lt;WaitTask&gt;b__34Waiting for 5 secondsEvent TotalAdmin_EventArgs_Game_PathFollowingStart triggered at: 28/10/2013 01:17:10Event TotalAdmin_EventArgs_Game_PathFollowingStart triggered at: 28/10/2013 01:17:10Event TotalAdmin_EventArgs_Game_PathFollowingStart triggered at: 28/10/2013 01:17:11Event TotalAdmin_EventArgs_Game_PathFollowingStart triggered at: 28/10/2013 01:17:11Event TotalAdmin_EventArgs_Game_PathFollowingStart triggered at: 28/10/2013 01:17:11Event TotalAdmin_EventArgs_Game_PathFollowingStart triggered at: 28/10/2013 01:17:11Event TotalAdmin_EventArgs_Game_PathFollowingStart triggered at: 28/10/2013 01:17:11Event TotalAdmin_EventArgs_Game_PathFollowingStart triggered at: 28/10/2013 01:17:11Event TotalAdmin_EventArgs_Game_PathFollowingStart triggered at: 28/10/2013 01:17:11Event TotalAdmin_EventArgs_Game_PathFollowingStart triggered at: 28/10/2013 01:17:11Event TotalAdmin_EventArgs_Game_PathFollowingStart triggered at: 28/10/2013 01:17:11Event TotalAdmin_EventArgs_Game_PathFollowingStart triggered at: 28/10/2013 01:17:11Event TotalAdmin_EventArgs_Game_PathFollowingStart triggered at: 28/10/2013 01:17:11Event TotalAdmin_EventArgs_Game_PathFollowingStart triggered at: 28/10/2013 01:17:11Event TotalAdmin_EventArgs_Game_PathFollowingStart triggered at: 28/10/2013 01:17:11Event TotalAdmin_EventArgs_Game_PathFollowingStart triggered at: 28/10/2013 01:17:11Event TotalAdmin_EventArgs_Game_PathFollowingStart triggered at: 28/10/2013 01:17:11Event TotalAdmin_EventArgs_Game_PathFollowingStart triggered at: 28/10/2013 01:17:11Event TotalAdmin_EventArgs_Game_PathFollowingStart triggered at: 28/10/2013 01:17:11Event TotalAdmin_EventArgs_Game_PathFollowingStart triggered at: 28/10/2013 01:17:11Event TotalAdmin_EventArgs_Game_PathFollowingFinish triggered at: 28/10/2013 01:17:11Event TotalAdmin_EventArgs_Game_PathFollowingStart triggered at: 28/10/2013 01:17:11Event TotalAdmin_EventArgs_Game_PathFollowingStart triggered at: 28/10/2013 01:17:11Event TotalAdmin_EventArgs_Game_PathFollowingStart triggered at: 28/10/2013 01:17:11Event TotalAdmin_EventArgs_Game_PathFollowingStart triggered at: 28/10/2013 01:17:12Time Left: 3.876Event TotalAdmin_EventArgs_Game_PathFollowingStart triggered at: 28/10/2013 01:17:12Event TotalAdmin_EventArgs_Game_PathFollowingStart triggered at: 28/10/2013 01:17:12Event TotalAdmin_EventArgs_Game_PathFollowingStart triggered at: 28/10/2013 01:17:12Event TotalAdmin_EventArgs_Game_PathFollowingStart triggered at: 28/10/2013 01:17:12Event TotalAdmin_EventArgs_Game_PathFollowingStart triggered at: 28/10/2013 01:17:12Event TotalAdmin_EventArgs_Game_PathFollowingStart triggered at: 28/10/2013 01:17:12Event TotalAdmin_EventArgs_Game_PathFollowingStart triggered at: 28/10/2013 01:17:12Event TotalAdmin_EventArgs_Game_PathFollowingStart triggered at: 28/10/2013 01:17:12Event TotalAdmin_EventArgs_Game_PathFollowingStart triggered at: 28/10/2013 01:17:12Event TotalAdmin_EventArgs_Game_PathFollowingStart triggered at: 28/10/2013 01:17:12Event TotalAdmin_EventArgs_Game_PathFollowingStart triggered at: 28/10/2013 01:17:12Event TotalAdmin_EventArgs_Game_PathFollowingStart triggered at: 28/10/2013 01:17:12Event TotalAdmin_EventArgs_Game_PathFollowingStart triggered at: 28/10/2013 01:17:12Event TotalAdmin_EventArgs_Game_PathFollowingStart triggered at: 28/10/2013 01:17:12Event TotalAdmin_EventArgs_Game_PathFollowingStart triggered at: 28/10/2013 01:17:12Event TotalAdmin_EventArgs_Game_PathFollowingStart triggered at: 28/10/2013 01:17:12Event TotalAdmin_EventArgs_Game_PathFollowingStart triggered at: 28/10/2013 01:17:12Event TotalAdmin_EventArgs_Game_PathFollowingStart triggered at: 28/10/2013 01:17:12Event TotalAdmin_EventArgs_Game_PathFollowingFinish triggered at: 28/10/2013 01:17:12Event TotalAdmin_EventArgs_Game_PathFollowingFinish triggered at: 28/10/2013 01:17:13Event TotalAdmin_EventArgs_Game_PathFollowingFinish triggered at: 28/10/2013 01:17:13Time Left: 2.855Event TotalAdmin_EventArgs_Game_PathFollowingStart triggered at: 28/10/2013 01:17:13Event TotalAdmin_EventArgs_Game_PathFollowingStart triggered at: 28/10/2013 01:17:13Event TotalAdmin_EventArgs_Game_PathFollowingStart triggered at: 28/10/2013 01:17:13Event TotalAdmin_EventArgs_Game_PathFollowingStart triggered at: 28/10/2013 01:17:13Event TotalAdmin_EventArgs_Game_PerformAbility triggered at: 28/10/2013 01:17:13Event TotalAdmin_EventArgs_Game_PathFollowingFinish triggered at: 28/10/2013 01:17:13Event TotalAdmin_EventArgs_Game_PerformAbility triggered at: 28/10/2013 01:17:13Event TotalAdmin_EventArgs_Game_PathFollowingFinish triggered at: 28/10/2013 01:17:13Event TotalAdmin_EventArgs_Game_PerformAbility triggered at: 28/10/2013 01:17:13Event TotalAdmin_EventArgs_Game_PathFollowingStart triggered at: 28/10/2013 01:17:13Event TotalAdmin_EventArgs_Game_PathFollowingStart triggered at: 28/10/2013 01:17:13Event TotalAdmin_EventArgs_Game_PathFollowingStart triggered at: 28/10/2013 01:17:13Event TotalAdmin_EventArgs_Game_PathFollowingStart triggered at: 28/10/2013 01:17:13Event TotalAdmin_EventArgs_Game_PathFollowingStart triggered at: 28/10/2013 01:17:13Event TotalAdmin_EventArgs_Game_PathFollowingStart triggered at: 28/10/2013 01:17:13Event TotalAdmin_EventArgs_Game_PathFollowingStart triggered at: 28/10/2013 01:17:14Event TotalAdmin_EventArgs_Game_PathFollowingStart triggered at: 28/10/2013 01:17:14Event TotalAdmin_EventArgs_Game_PathFollowingStart triggered at: 28/10/2013 01:17:14Time Left: 1.83Event TotalAdmin_EventArgs_Game_PathFollowingStart triggered at: 28/10/2013 01:17:14Event TotalAdmin_EventArgs_Game_PathFollowingStart triggered at: 28/10/2013 01:17:14Event TotalAdmin_EventArgs_Game_PathFollowingStart triggered at: 28/10/2013 01:17:14Event TotalAdmin_EventArgs_Game_PathFollowingStart triggered at: 28/10/2013 01:17:14Event TotalAdmin_EventArgs_Game_PathFollowingStart triggered at: 28/10/2013 01:17:14Event TotalAdmin_EventArgs_Game_PathFollowingStart triggered at: 28/10/2013 01:17:14Event TotalAdmin_EventArgs_Game_PathFollowingStart triggered at: 28/10/2013 01:17:14Event TotalAdmin_EventArgs_Game_PathFollowingStart triggered at: 28/10/2013 01:17:14Event TotalAdmin_EventArgs_Game_PathFollowingStart triggered at: 28/10/2013 01:17:14Event TotalAdmin_EventArgs_Game_PathFollowingStart triggered at: 28/10/2013 01:17:14Event TotalAdmin_EventArgs_Game_PathFollowingStart triggered at: 28/10/2013 01:17:14Event TotalAdmin_EventArgs_Game_PathFollowingStart triggered at: 28/10/2013 01:17:14Event TotalAdmin_EventArgs_Game_PathFollowingStart triggered at: 28/10/2013 01:17:14Event TotalAdmin_EventArgs_Game_PathFollowingStart triggered at: 28/10/2013 01:17:14Event TotalAdmin_EventArgs_Game_PathFollowingStart triggered at: 28/10/2013 01:17:14Event TotalAdmin_EventArgs_Game_PathFollowingStart triggered at: 28/10/2013 01:17:14Event TotalAdmin_EventArgs_Game_PathFollowingStart triggered at: 28/10/2013 01:17:14Event TotalAdmin_EventArgs_Game_PathFollowingStart triggered at: 28/10/2013 01:17:14Event TotalAdmin_EventArgs_Game_PathFollowingStart triggered at: 28/10/2013 01:17:14Event TotalAdmin_EventArgs_Game_PathFollowingStart triggered at: 28/10/2013 01:17:15Event TotalAdmin_EventArgs_Game_PathFollowingStart triggered at: 28/10/2013 01:17:15Event TotalAdmin_EventArgs_Game_PathFollowingStart triggered at: 28/10/2013 01:17:15Time Left: 0.806Event TotalAdmin_EventArgs_Game_PathFollowingStart triggered at: 28/10/2013 01:17:15Event TotalAdmin_EventArgs_Game_PathFollowingStart triggered at: 28/10/2013 01:17:15Event TotalAdmin_EventArgs_Game_PathFollowingStart triggered at: 28/10/2013 01:17:15Event TotalAdmin_EventArgs_Game_PathFollowingStart triggered at: 28/10/2013 01:17:15Event TotalAdmin_EventArgs_Game_PathFollowingStart triggered at: 28/10/2013 01:17:15Event TotalAdmin_EventArgs_Game_PathFollowingStart triggered at: 28/10/2013 01:17:15Event TotalAdmin_EventArgs_Game_PathFollowingStart triggered at: 28/10/2013 01:17:15Event TotalAdmin_EventArgs_Game_PathFollowingStart triggered at: 28/10/2013 01:17:15Event TotalAdmin_EventArgs_Game_PathFollowingStart triggered at: 28/10/2013 01:17:15Event TotalAdmin_EventArgs_Game_PathFollowingStart triggered at: 28/10/2013 01:17:15Event TotalAdmin_EventArgs_Game_PathFollowingStart triggered at: 28/10/2013 01:17:15Event TotalAdmin_EventArgs_Game_PathFollowingStart triggered at: 28/10/2013 01:17:15Event TotalAdmin_EventArgs_Game_PathFollowingStart triggered at: 28/10/2013 01:17:15Event TotalAdmin_EventArgs_Game_PathFollowingStart triggered at: 28/10/2013 01:17:15Event TotalAdmin_EventArgs_Game_PathFollowingStart triggered at: 28/10/2013 01:17:15Event TotalAdmin_EventArgs_Game_PathFollowingStart triggered at: 28/10/2013 01:17:15Event TotalAdmin_EventArgs_Game_PathFollowingStart triggered at: 28/10/2013 01:17:15Event TotalAdmin_EventArgs_Game_PathFollowingStart triggered at: 28/10/2013 01:17:15Event TotalAdmin_EventArgs_Game_PathFollowingStart triggered at: 28/10/2013 01:17:15Waiting Complete+++	Finishing task &lt;WaitTask&gt;b__34Event TotalAdmin_EventArgs_Game_PathFollowingStart triggered at: 28/10/2013 01:17:15Event TotalAdmin_EventArgs_Game_PathFollowingStart triggered at: 28/10/2013 01:17:16Event TotalAdmin_EventArgs_Game_PathFollowingStart triggered at: 28/10/2013 01:17:16Event TotalAdmin_EventArgs_Game_PathFollowingStart triggered at: 28/10/2013 01:17:16Event TotalAdmin_EventArgs_Game_PathFollowingStart triggered at: 28/10/2013 01:17:16Event TotalAdmin_EventArgs_Game_PathFollowingStart triggered at: 28/10/2013 01:17:16*** 	Starting state Move3Event TotalAdmin_EventArgs_Game_PathFollowingStart triggered at: 28/10/2013 01:17:16Event TotalAdmin_EventArgs_Game_PathFollowingStart triggered at: 28/10/2013 01:17:16+++	Starting task &lt;MovePlayerToPointUsingNavigationWaitTask&gt;b__2bEvent TotalAdmin_EventArgs_Game_PathFollowingStart triggered at: 28/10/2013 01:17:16Event TotalAdmin_EventArgs_Game_PathFollowingStart triggered at: 28/10/2013 01:17:16Event TotalAdmin_EventArgs_Game_PathFollowingStart triggered at: 28/10/2013 01:17:16Event TotalAdmin_EventArgs_Game_PathFollowingStart triggered at: 28/10/2013 01:17:16Event TotalAdmin_EventArgs_Game_PathFollowingStart triggered at: 28/10/2013 01:17:16Event TotalAdmin_EventArgs_Game_PathFollowingStart triggered at: 28/10/2013 01:17:16Event TotalAdmin_EventArgs_Game_PathFollowingStart triggered at: 28/10/2013 01:17:16Event TotalAdmin_EventArgs_Game_PathFollowingStart triggered at: 28/10/2013 01:17:16Event TotalAdmin_EventArgs_Game_PathFollowingStart triggered at: 28/10/2013 01:17:16Event TotalAdmin_EventArgs_Game_PathFollowingStart triggered at: 28/10/2013 01:17:16Event TotalAdmin_EventArgs_Game_PathFollowingStart triggered at: 28/10/2013 01:17:16Event TotalAdmin_EventArgs_Game_PathFollowingStart triggered at: 28/10/2013 01:17:16Event TotalAdmin_EventArgs_Game_PathFollowingStart triggered at: 28/10/2013 01:17:16Event TotalAdmin_EventArgs_Game_PathFollowingStart triggered at: 28/10/2013 01:17:16Event TotalAdmin_EventArgs_Game_PathFollowingFinish triggered at: 28/10/2013 01:17:16Event TotalAdmin_EventArgs_Game_PathFollowingStart triggered at: 28/10/2013 01:17:17Event TotalAdmin_EventArgs_Game_PerformAbility triggered at: 28/10/2013 01:17:17Event TotalAdmin_EventArgs_Game_PathFollowingFinish triggered at: 28/10/2013 01:17:17Event TotalAdmin_EventArgs_Game_PathFollowingStart triggered at: 28/10/2013 01:17:17Event TotalAdmin_EventArgs_Game_PathFollowingStart triggered at: 28/10/2013 01:17:17Event TotalAdmin_EventArgs_Game_PathFollowingStart triggered at: 28/10/2013 01:17:17Event TotalAdmin_EventArgs_Game_PathFollowingStart triggered at: 28/10/2013 01:17:17Event TotalAdmin_EventArgs_Game_PathFollowingStart triggered at: 28/10/2013 01:17:17Event TotalAdmin_EventArgs_Game_PathFollowingStart triggered at: 28/10/2013 01:17:17Event TotalAdmin_EventArgs_Game_PathFollowingStart triggered at: 28/10/2013 01:17:17Event TotalAdmin_EventArgs_Game_PathFollowingStart triggered at: 28/10/2013 01:17:17Start wait time: 28/10/2013 01:17:17 Event TotalAdmin_EventArgs_Game_PathFollowingStart triggered at: 28/10/2013 01:17:17Event TotalAdmin_EventArgs_Game_PathFollowingStart triggered at: 28/10/2013 01:17:17Event TotalAdmin_EventArgs_Game_PathFollowingStart triggered at: 28/10/2013 01:17:17Event TotalAdmin_EventArgs_Game_PathFollowingStart triggered at: 28/10/2013 01:17:17Event TotalAdmin_EventArgs_Game_PathFollowingStart triggered at: 28/10/2013 01:17:17Event TotalAdmin_EventArgs_Game_PathFollowingStart triggered at: 28/10/2013 01:17:17End wait time: 28/10/2013 01:17:17 Event TotalAdmin_EventArgs_Game_PathFollowingStart triggered at: 28/10/2013 01:17:17+++	Finishing task &lt;MovePlayerToPointUsingNavigationWaitTask&gt;b__2bEvent TotalAdmin_EventArgs_Game_PathFollowingStart triggered at: 28/10/2013 01:17:17Event TotalAdmin_EventArgs_Game_PathFollowingStart triggered at: 28/10/2013 01:17:17Event TotalAdmin_EventArgs_Game_PathFollowingStart triggered at: 28/10/2013 01:17:17Event TotalAdmin_EventArgs_Game_PathFollowingStart triggered at: 28/10/2013 01:17:17+++	Starting task &lt;WaitTask&gt;b__34Event TotalAdmin_EventArgs_Game_PathFollowingStart triggered at: 28/10/2013 01:17:17Waiting for 5 secondsEvent TotalAdmin_EventArgs_Game_PathFollowingStart triggered at: 28/10/2013 01:17:17Event TotalAdmin_EventArgs_Game_PathFollowingStart triggered at: 28/10/2013 01:17:18Event TotalAdmin_EventArgs_Game_PathFollowingStart triggered at: 28/10/2013 01:17:18Event TotalAdmin_EventArgs_Game_PathFollowingStart triggered at: 28/10/2013 01:17:18Event TotalAdmin_EventArgs_Game_PathFollowingStart triggered at: 28/10/2013 01:17:18Event TotalAdmin_EventArgs_Game_PathFollowingStart triggered at: 28/10/2013 01:17:18Event TotalAdmin_EventArgs_Game_PathFollowingStart triggered at: 28/10/2013 01:17:18Event TotalAdmin_EventArgs_Game_PathFollowingStart triggered at: 28/10/2013 01:17:18Event TotalAdmin_EventArgs_Game_PathFollowingStart triggered at: 28/10/2013 01:17:18Event TotalAdmin_EventArgs_Game_PathFollowingStart triggered at: 28/10/2013 01:17:18Event TotalAdmin_EventArgs_Game_PathFollowingStart triggered at: 28/10/2013 01:17:18Event TotalAdmin_EventArgs_Game_PathFollowingStart triggered at: 28/10/2013 01:17:18Event TotalAdmin_EventArgs_Game_PathFollowingStart triggered at: 28/10/2013 01:17:18Event TotalAdmin_EventArgs_Game_PathFollowingStart triggered at: 28/10/2013 01:17:18Event TotalAdmin_EventArgs_Game_PathFollowingStart triggered at: 28/10/2013 01:17:18Event TotalAdmin_EventArgs_Game_PathFollowingStart triggered at: 28/10/2013 01:17:18Event TotalAdmin_EventArgs_Game_PathFollowingStart triggered at: 28/10/2013 01:17:18Event TotalAdmin_EventArgs_Game_PathFollowingStart triggered at: 28/10/2013 01:17:18Event TotalAdmin_EventArgs_Game_PathFollowingStart triggered at: 28/10/2013 01:17:18Event TotalAdmin_EventArgs_Game_PathFollowingStart triggered at: 28/10/2013 01:17:18Event TotalAdmin_EventArgs_Game_PathFollowingStart triggered at: 28/10/2013 01:17:18Event TotalAdmin_EventArgs_Game_PathFollowingStart triggered at: 28/10/2013 01:17:18Event TotalAdmin_EventArgs_Game_PathFollowingStart triggered at: 28/10/2013 01:17:18Event TotalAdmin_EventArgs_Game_PathFollowingStart triggered at: 28/10/2013 01:17:18Time Left: 3.859Event TotalAdmin_EventArgs_Game_PathFollowingStart triggered at: 28/10/2013 01:17:19^^^	 6.975017 left before timing outEvent TotalAdmin_EventArgs_Game_PathFollowingStart triggered at: 28/10/2013 01:17:19Event TotalAdmin_EventArgs_Game_PathFollowingStart triggered at: 28/10/2013 01:17:19Event TotalAdmin_EventArgs_Game_PathFollowingStart triggered at: 28/10/2013 01:17:19Event TotalAdmin_EventArgs_Game_PathFollowingStart triggered at: 28/10/2013 01:17:19Event TotalAdmin_EventArgs_Game_PathFollowingStart triggered at: 28/10/2013 01:17:19Event TotalAdmin_EventArgs_Game_PathFollowingStart triggered at: 28/10/2013 01:17:19Event TotalAdmin_EventArgs_Game_PathFollowingStart triggered at: 28/10/2013 01:17:19Event TotalAdmin_EventArgs_Game_PathFollowingFinish triggered at: 28/10/2013 01:17:19Event TotalAdmin_EventArgs_Game_PathFollowingFinish triggered at: 28/10/2013 01:17:19Event TotalAdmin_EventArgs_Game_PathFollowingFinish triggered at: 28/10/2013 01:17:19Event TotalAdmin_EventArgs_Game_PathFollowingFinish triggered at: 28/10/2013 01:17:19Event TotalAdmin_EventArgs_Game_PathFollowingFinish triggered at: 28/10/2013 01:17:19Event TotalAdmin_EventArgs_Game_PathFollowingFinish triggered at: 28/10/2013 01:17:19Event TotalAdmin_EventArgs_Game_ActorTouch triggered at: 28/10/2013 01:17:19Event TotalAdmin_EventArgs_Game_PathFollowingFinish triggered at: 28/10/2013 01:17:19Event TotalAdmin_EventArgs_Game_PathFollowingStart triggered at: 28/10/2013 01:17:19Event TotalAdmin_EventArgs_Game_PathFollowingStart triggered at: 28/10/2013 01:17:19Event TotalAdmin_EventArgs_Game_PathFollowingStart triggered at: 28/10/2013 01:17:19Event TotalAdmin_EventArgs_Game_PathFollowingStart triggered at: 28/10/2013 01:17:19Event TotalAdmin_EventArgs_Game_PathFollowingStart triggered at: 28/10/2013 01:17:20Event TotalAdmin_EventArgs_Game_PathFollowingStart triggered at: 28/10/2013 01:17:20Time Left: 2.784Event TotalAdmin_EventArgs_Game_PathFollowingStart triggered at: 28/10/2013 01:17:20Event TotalAdmin_EventArgs_Game_PathFollowingStart triggered at: 28/10/2013 01:17:20Event TotalAdmin_EventArgs_Game_PathFollowingStart triggered at: 28/10/2013 01:17:20Event TotalAdmin_EventArgs_Game_PathFollowingStart triggered at: 28/10/2013 01:17:20Event TotalAdmin_EventArgs_Game_PathFollowingStart triggered at: 28/10/2013 01:17:20Event TotalAdmin_EventArgs_Game_PathFollowingStart triggered at: 28/10/2013 01:17:20Event TotalAdmin_EventArgs_Game_PathFollowingStart triggered at: 28/10/2013 01:17:20Event TotalAdmin_EventArgs_Game_PathFollowingStart triggered at: 28/10/2013 01:17:20Event TotalAdmin_EventArgs_Game_PathFollowingStart triggered at: 28/10/2013 01:17:20Event TotalAdmin_EventArgs_Game_PathFollowingStart triggered at: 28/10/2013 01:17:20Event TotalAdmin_EventArgs_Game_PathFollowingStart triggered at: 28/10/2013 01:17:20Event TotalAdmin_EventArgs_Game_PathFollowingStart triggered at: 28/10/2013 01:17:20Event TotalAdmin_EventArgs_Game_PathFollowingStart triggered at: 28/10/2013 01:17:20Event TotalAdmin_EventArgs_Game_PathFollowingStart triggered at: 28/10/2013 01:17:20Event TotalAdmin_EventArgs_Game_PathFollowingStart triggered at: 28/10/2013 01:17:20Event TotalAdmin_EventArgs_Game_PathFollowingStart triggered at: 28/10/2013 01:17:20Event TotalAdmin_EventArgs_Game_PathFollowingStart triggered at: 28/10/2013 01:17:20Event TotalAdmin_EventArgs_Game_PathFollowingStart triggered at: 28/10/2013 01:17:21Event TotalAdmin_EventArgs_Game_PathFollowingFinish triggered at: 28/10/2013 01:17:21Event TotalAdmin_EventArgs_Game_PathFollowingStart triggered at: 28/10/2013 01:17:21Time Left: 1.759Event TotalAdmin_EventArgs_Game_PathFollowingStart triggered at: 28/10/2013 01:17:21Event TotalAdmin_EventArgs_Game_PathFollowingStart triggered at: 28/10/2013 01:17:21Event TotalAdmin_EventArgs_Game_PathFollowingStart triggered at: 28/10/2013 01:17:21Event TotalAdmin_EventArgs_Game_PathFollowingStart triggered at: 28/10/2013 01:17:21Event TotalAdmin_EventArgs_Game_PathFollowingStart triggered at: 28/10/2013 01:17:21Event TotalAdmin_EventArgs_Game_PathFollowingStart triggered at: 28/10/2013 01:17:21Event TotalAdmin_EventArgs_Game_PathFollowingStart triggered at: 28/10/2013 01:17:21Event TotalAdmin_EventArgs_Game_PathFollowingStart triggered at: 28/10/2013 01:17:21Event TotalAdmin_EventArgs_Game_PathFollowingStart triggered at: 28/10/2013 01:17:21Event TotalAdmin_EventArgs_Game_PathFollowingStart triggered at: 28/10/2013 01:17:21Event TotalAdmin_EventArgs_Game_PathFollowingStart triggered at: 28/10/2013 01:17:21Event TotalAdmin_EventArgs_Game_PathFollowingStart triggered at: 28/10/2013 01:17:21Event TotalAdmin_EventArgs_Game_PathFollowingStart triggered at: 28/10/2013 01:17:21Event TotalAdmin_EventArgs_Game_PathFollowingStart triggered at: 28/10/2013 01:17:21Event TotalAdmin_EventArgs_Game_PathFollowingStart triggered at: 28
[...]
gered at: 28/10/2013 01:17:36Event TotalAdmin_EventArgs_Game_PathFollowingStart triggered at: 28/10/2013 01:17:36Event TotalAdmin_EventArgs_Game_PathFollowingStart triggered at: 28/10/2013 01:17:36Event TotalAdmin_EventArgs_Game_PathFollowingStart triggered at: 28/10/2013 01:17:36Event TotalAdmin_EventArgs_Game_PathFollowingStart triggered at: 28/10/2013 01:17:36Event TotalAdmin_EventArgs_Game_PathFollowingStart triggered at: 28/10/2013 01:17:36Event TotalAdmin_EventArgs_Game_PathFollowingStart triggered at: 28/10/2013 01:17:36Event TotalAdmin_EventArgs_Game_PathFollowingStart triggered at: 28/10/2013 01:17:36Event TotalAdmin_EventArgs_Game_PathFollowingStart triggered at: 28/10/2013 01:17:36Event TotalAdmin_EventArgs_Game_PathFollowingStart triggered at: 28/10/2013 01:17:36Event TotalAdmin_EventArgs_Game_PathFollowingStart triggered at: 28/10/2013 01:17:36Event TotalAdmin_EventArgs_Game_PathFollowingStart triggered at: 28/10/2013 01:17:36Event TotalAdmin_EventArgs_Game_PathFollowingStart triggered at: 28/10/2013 01:17:36Event TotalAdmin_EventArgs_Game_PathFollowingStart triggered at: 28/10/2013 01:17:36Event TotalAdmin_EventArgs_Game_PathFollowingStart triggered at: 28/10/2013 01:17:36Event TotalAdmin_EventArgs_Game_PathFollowingStart triggered at: 28/10/2013 01:17:37Event TotalAdmin_EventArgs_Game_PathFollowingStart triggered at: 28/10/2013 01:17:37Event TotalAdmin_EventArgs_Game_PathFollowingStart triggered at: 28/10/2013 01:17:37Event TotalAdmin_EventArgs_Game_PathFollowingStart triggered at: 28/10/2013 01:17:37Time Left: 2.834Event TotalAdmin_EventArgs_Game_PathFollowingStart triggered at: 28/10/2013 01:17:37Event TotalAdmin_EventArgs_Game_PathFollowingStart triggered at: 28/10/2013 01:17:37Event TotalAdmin_EventArgs_Game_PathFollowingStart triggered at: 28/10/2013 01:17:37Event TotalAdmin_EventArgs_Game_PathFollowingStart triggered at: 28/10/2013 01:17:37Event TotalAdmin_EventArgs_Game_PathFollowingStart triggered at: 28/10/2013 01:17:37Event TotalAdmin_EventArgs_Game_PathFollowingStart triggered at: 28/10/2013 01:17:37Event TotalAdmin_EventArgs_Game_PathFollowingStart triggered at: 28/10/2013 01:17:37Event TotalAdmin_EventArgs_Game_PathFollowingStart triggered at: 28/10/2013 01:17:37Event TotalAdmin_EventArgs_Game_PathFollowingStart triggered at: 28/10/2013 01:17:37Event TotalAdmin_EventArgs_Game_PathFollowingStart triggered at: 28/10/2013 01:17:37Event TotalAdmin_EventArgs_Game_PathFollowingStart triggered at: 28/10/2013 01:17:37Event TotalAdmin_EventArgs_Game_PathFollowingStart triggered at: 28/10/2013 01:17:37Event TotalAdmin_EventArgs_Game_PathFollowingStart triggered at: 28/10/2013 01:17:37Event TotalAdmin_EventArgs_Game_PathFollowingStart triggered at: 28/10/2013 01:17:37Event TotalAdmin_EventArgs_Game_PathFollowingStart triggered at: 28/10/2013 01:17:37Event TotalAdmin_EventArgs_Game_PathFollowingStart triggered at: 28/10/2013 01:17:37Event TotalAdmin_EventArgs_Game_PathFollowingStart triggered at: 28/10/2013 01:17:37Event TotalAdmin_EventArgs_Game_PathFollowingStart triggered at: 28/10/2013 01:17:37Event TotalAdmin_EventArgs_Game_PathFollowingStart triggered at: 28/10/2013 01:17:37Event TotalAdmin_EventArgs_Game_PathFollowingStart triggered at: 28/10/2013 01:17:37Event TotalAdmin_EventArgs_Game_PathFollowingStart triggered at: 28/10/2013 01:17:37Event TotalAdmin_EventArgs_Game_PathFollowingStart triggered at: 28/10/2013 01:17:37Event TotalAdmin_EventArgs_Game_PathFollowingStart triggered at: 28/10/2013 01:17:38Event TotalAdmin_EventArgs_Game_PathFollowingStart triggered at: 28/10/2013 01:17:38Event TotalAdmin_EventArgs_Game_PathFollowingStart triggered at: 28/10/2013 01:17:38Event TotalAdmin_EventArgs_Game_PathFollowingStart triggered at: 28/10/2013 01:17:38Time Left: 1.809Event TotalAdmin_EventArgs_Game_PathFollowingFinish triggered at: 28/10/2013 01:17:38Event TotalAdmin_EventArgs_Game_PathFollowingFinish triggered at: 28/10/2013 01:17:38Event TotalAdmin_EventArgs_Game_PathFollowingStart triggered at: 28/10/2013 01:17:38Event TotalAdmin_EventArgs_Game_PathFollowingStart triggered at: 28/10/2013 01:17:38Event TotalAdmin_EventArgs_Game_PathFollowingStart triggered at: 28/10/2013 01:17:38Event TotalAdmin_EventArgs_Game_PathFollowingStart triggered at: 28/10/2013 01:17:38Event TotalAdmin_EventArgs_Game_PathFollowingStart triggered at: 28/10/2013 01:17:38Event TotalAdmin_EventArgs_Game_PathFollowingStart triggered at: 28/10/2013 01:17:38Event TotalAdmin_EventArgs_Game_PathFollowingStart triggered at: 28/10/2013 01:17:38Event TotalAdmin_EventArgs_Game_PathFollowingStart triggered at: 28/10/2013 01:17:38Event TotalAdmin_EventArgs_Game_PathFollowingStart triggered at: 28/10/2013 01:17:38Event TotalAdmin_EventArgs_Game_PathFollowingStart triggered at: 28/10/2013 01:17:38Event TotalAdmin_EventArgs_Game_PathFollowingStart triggered at: 28/10/2013 01:17:39Event TotalAdmin_EventArgs_Game_ActorTouch triggered at: 28/10/2013 01:17:39Event TotalAdmin_EventArgs_Game_PathFollowingStart triggered at: 28/10/2013 01:17:39Event TotalAdmin_EventArgs_Game_PathFollowingStart triggered at: 28/10/2013 01:17:39Time Left: 0.785Event TotalAdmin_EventArgs_Game_PathFollowingFinish triggered at: 28/10/2013 01:17:39Event TotalAdmin_EventArgs_Game_PathFollowingFinish triggered at: 28/10/2013 01:17:39Event TotalAdmin_EventArgs_Game_PathFollowingFinish triggered at: 28/10/2013 01:17:39Event TotalAdmin_EventArgs_Game_PathFollowingFinish triggered at: 28/10/2013 01:17:39Event TotalAdmin_EventArgs_Game_PathFollowingFinish triggered at: 28/10/2013 01:17:39Event TotalAdmin_EventArgs_Game_PathFollowingFinish triggered at: 28/10/2013 01:17:39Event TotalAdmin_EventArgs_Game_PathFollowingFinish triggered at: 28/10/2013 01:17:39Waiting Complete+++	Finishing task &lt;WaitTask&gt;b__34Event TotalAdmin_EventArgs_Game_PathFollowingStart triggered at: 28/10/2013 01:17:40Event TotalAdmin_EventArgs_Game_PathFollowingStart triggered at: 28/10/2013 01:17:40Event TotalAdmin_EventArgs_Game_PathFollowingStart triggered at: 28/10/2013 01:17:40Event TotalAdmin_EventArgs_Game_PathFollowingStart triggered at: 28/10/2013 01:17:40Event TotalAdmin_EventArgs_Game_PathFollowingStart triggered at: 28/10/2013 01:17:40Event TotalAdmin_EventArgs_Game_PathFollowingStart triggered at: 28/10/2013 01:17:40*** 	Starting state FinishEvent TotalAdmin_EventArgs_Game_PathFollowingStart triggered at: 28/10/2013 01:17:40+++	Starting task &lt;SendCommandTask&gt;b__37Event TotalAdmin_EventArgs_Game_PerformAbility triggered at: 28/10/2013 01:17:40Event TotalAdmin_EventArgs_Game_PathFollowingStart triggered at: 28/10/2013 01:17:40Event TotalAdmin_EventArgs_Game_PathFollowingStart triggered at: 28/10/2013 01:17:40Event TotalAdmin_EventArgs_Game_PerformAbility triggered at: 28/10/2013 01:17:40Event TotalAdmin_EventArgs_Game_PathFollowingFinish triggered at: 28/10/2013 01:17:40Event TotalAdmin_EventArgs_Game_PathFollowingStart triggered at: 28/10/2013 01:17:40Event TotalAdmin_EventArgs_Game_PathFollowingFinish triggered at: 28/10/2013 01:17:40Event TotalAdmin_EventArgs_Game_PathFollowingStart triggered at: 28/10/2013 01:17:40Event TotalAdmin_EventArgs_Game_PathFollowingFinish triggered at: 28/10/2013 01:17:40+++	Finishing task &lt;SendCommandTask&gt;b__37+++	Starting task &lt;WaitTask&gt;b__34Waiting for 3 secondsEvent TotalAdmin_EventArgs_Game_PathFollowingStart triggered at: 28/10/2013 01:17:41Event TotalAdmin_EventArgs_Game_PathFollowingStart triggered at: 28/10/2013 01:17:41Event TotalAdmin_EventArgs_Game_ActorTouch triggered at: 28/10/2013 01:17:41Event TotalAdmin_EventArgs_Game_PathFollowingStart triggered at: 28/10/2013 01:17:41Event TotalAdmin_EventArgs_Game_PathFollowingStart triggered at: 28/10/2013 01:17:41Event TotalAdmin_EventArgs_Game_PathFollowingStart triggered at: 28/10/2013 01:17:41Event TotalAdmin_EventArgs_Game_PathFollowingStart triggered at: 28/10/2013 01:17:41Event TotalAdmin_EventArgs_Game_PathFollowingStart triggered at: 28/10/2013 01:17:41Event TotalAdmin_EventArgs_Game_PathFollowingStart triggered at: 28/10/2013 01:17:41Event TotalAdmin_EventArgs_Game_PathFollowingStart triggered at: 28/10/2013 01:17:41Event TotalAdmin_EventArgs_Game_PathFollowingStart triggered at: 28/10/2013 01:17:41Event TotalAdmin_EventArgs_Game_PathFollowingStart triggered at: 28/10/2013 01:17:41Event TotalAdmin_EventArgs_Game_PathFollowingStart triggered at: 28/10/2013 01:17:41Event TotalAdmin_EventArgs_Game_PathFollowingStart triggered at: 28/10/2013 01:17:41Event TotalAdmin_EventArgs_Game_PathFollowingStart triggered at: 28/10/2013 01:17:41Event TotalAdmin_EventArgs_Game_PathFollowingStart triggered at: 28/10/2013 01:17:41Event TotalAdmin_EventArgs_Game_PathFollowingStart triggered at: 28/10/2013 01:17:41Event TotalAdmin_EventArgs_Game_PathFollowingStart triggered at: 28/10/2013 01:17:41Event TotalAdmin_EventArgs_Game_PathFollowingStart triggered at: 28/10/2013 01:17:41Event TotalAdmin_EventArgs_Game_PathFollowingStart triggered at: 28/10/2013 01:17:41Event TotalAdmin_EventArgs_Game_PathFollowingStart triggered at: 28/10/2013 01:17:41Event TotalAdmin_EventArgs_Game_PathFollowingStart triggered at: 28/10/2013 01:17:41Event TotalAdmin_EventArgs_Game_PathFollowingStart triggered at: 28/10/2013 01:17:41Event TotalAdmin_EventArgs_Game_PathFollowingStart triggered at: 28/10/2013 01:17:41Time Left: 1.84Event TotalAdmin_EventArgs_Game_PathFollowingStart triggered at: 28/10/2013 01:17:41Event TotalAdmin_EventArgs_Game_PathFollowingStart triggered at: 28/10/2013 01:17:42Event TotalAdmin_EventArgs_Game_PathFollowingStart triggered at: 28/10/2013 01:17:42Event TotalAdmin_EventArgs_Game_PathFollowingStart triggered at: 28/10/2013 01:17:42Event TotalAdmin_EventArgs_Game_PathFollowingStart triggered at: 28/10/2013 01:17:42Event TotalAdmin_EventArgs_Game_PathFollowingStart triggered at: 28/10/2013 01:17:42Event TotalAdmin_EventArgs_Game_PathFollowingStart triggered at: 28/10/2013 01:17:42Event TotalAdmin_EventArgs_Game_PathFollowingStart triggered at: 28/10/2013 01:17:42Event TotalAdmin_EventArgs_Game_PathFollowingStart triggered at: 28/10/2013 01:17:42Event TotalAdmin_EventArgs_Game_PathFollowingStart triggered at: 28/10/2013 01:17:42Event TotalAdmin_EventArgs_Game_PathFollowingStart triggered at: 28/10/2013 01:17:42Event TotalAdmin_EventArgs_Game_PathFollowingStart triggered at: 28/10/2013 01:17:42Event TotalAdmin_EventArgs_Game_PerformAbility triggered at: 28/10/2013 01:17:42Event TotalAdmin_EventArgs_Game_PathFollowingStart triggered at: 28/10/2013 01:17:42Event TotalAdmin_EventArgs_Game_PathFollowingStart triggered at: 28/10/2013 01:17:42Event TotalAdmin_EventArgs_Game_PathFollowingStart triggered at: 28/10/2013 01:17:42Event TotalAdmin_EventArgs_Game_PathFollowingStart triggered at: 28/10/2013 01:17:42Event TotalAdmin_EventArgs_Game_PathFollowingStart triggered at: 28/10/2013 01:17:42Event TotalAdmin_EventArgs_Game_PathFollowingStart triggered at: 28/10/2013 01:17:42Event TotalAdmin_EventArgs_Game_PathFollowingStart triggered at: 28/10/2013 01:17:42Event TotalAdmin_EventArgs_Game_PathFollowingStart triggered at: 28/10/2013 01:17:42Time Left: 0.816Event TotalAdmin_EventArgs_Game_PathFollowingFinish triggered at: 28/10/2013 01:17:43Event TotalAdmin_EventArgs_Game_PathFollowingFinish triggered at: 28/10/2013 01:17:43Waiting Complete+++	Finishing task &lt;WaitTask&gt;b__34Event TotalAdmin_EventArgs_Game_PerformAbility triggered at: 28/10/2013 01:17:43+++	Starting task &lt;SendCommandTask&gt;b__37+++	Finishing task &lt;SendCommandTask&gt;b__37+++	Starting task &lt;WaitTask&gt;b__34Waiting for 5 secondsTime Left: 3.873Event TitleBuildNumberArgs triggered at: 28/10/2013 01:17:45Time Left: 2.849Time Left: 1.824Time Left: 0.8Waiting Complete+++	Finishing task &lt;WaitTask&gt;b__34+++	Starting task &lt;GetPlayerIdAndSetToAITask&gt;b__1cGetPlayerIdAndSetToAIEvent TotalAdmin_EventArgs_Game_ActorTouch triggered at: 28/10/2013 01:17:49Event TotalAdmin_EventArgs_Game_ActorTouch triggered at: 28/10/2013 01:17:49Event TotalAdmin_EventArgs_Game_ActorTouch triggered at: 28/10/2013 01:17:49Event TotalAdmin_EventArgs_Game_ActorTouch triggered at: 28/10/2013 01:17:49Event TotalAdmin_EventArgs_Game_PlayerBioChanged triggered at: 28/10/2013 01:17:49Event TotalAdmin_EventArgs_Game_PlayerActorDetails triggered at: 28/10/2013 01:17:52BP_PWN_guy_C_1 is at Microsoft.Internal.GamesTest.gameUDCProject.Vector3+++	Finishing task &lt;GetPlayerIdAndSetToAITask&gt;b__1c+++	Starting task &lt;MovePlayerToPointUsingNavigationWaitTask&gt;b__2bEvent TotalAdmin_EventArgs_Game_PathFollowingStart triggered at: 28/10/2013 01:17:53Start wait time: 28/10/2013 01:17:54 Event TotalAdmin_EventArgs_Game_ActorTouch triggered at: 28/10/2013 01:17:55Event TotalAdmin_EventArgs_Game_ActorTouch triggered at: 28/10/2013 01:17:55Event TotalAdmin_EventArgs_Game_ActorTouch triggered at: 28/10/2013 01:17:55Event TotalAdmin_EventArgs_Game_ActorTouch triggered at: 28/10/2013 01:17:55Event TotalAdmin_EventArgs_Game_ActorTouch triggered at: 28/10/2013 01:18:00Event TotalAdmin_EventArgs_Game_ObjectiveChangeState triggered at: 28/10/2013 01:18:04Event TotalAdmin_EventArgs_Game_ObjectiveChangeState triggered at: 28/10/2013 01:18:04Event TotalAdmin_EventArgs_Game_ActorTouch triggered at: 28/10/2013 01:18:04Event TotalAdmin_EventArgs_Game_ObjectiveChangeState triggered at: 28/10/2013 01:18:05Event TitleBuildNumberArgs triggered at: 28/10/2013 01:18:05Event TotalAdmin_EventArgs_Game_ActorTouch triggered at: 28/10/2013 01:18:06Event TotalAdmin_EventArgs_Game_ActorTouch triggered at: 28/10/2013 01:18:06Event TotalAdmin_EventArgs_Game_levelFinished triggered at: 28/10/2013 01:18:09****	Level Won event triggered*** 	Changing to state Complete*** 	Cancelling the current State Finish+++	Starting canceling task &lt;MovePlayerToPointUsingNavigationWaitTask&gt;b__2bEnd wait time: 28/10/2013 01:18:09 +++	Finishing task &lt;MovePlayerToPointUsingNavigationWaitTask&gt;b__2b+++	Completed canceling task &lt;MovePlayerToPointUsingNavigationWaitTask&gt;b__2b*** 	Starting state Complete*** 	Stopping State Machine*** 	Cancelling the current State Complete$$$	End update thread.^^^	Stopping time out thread
</StdOut>
      </Output>
      <ResultFiles>
        <ResultFile path="game19-W8\levelTravel_guy-Machine0.log" />
        <ResultFile path="game19-W8\levelTravel_guy-TestLog.txt" />
      </ResultFiles>
    </UnitTestResult>
  </Results>
  <TestDefinitions>
    <UnitTest name="TestMovement_Basic" storage="d:\gamegame\test\smoketests\test\bin\smoketests.dll" id="3cff02a3-dd8d-2937-7035-3825a5f74241">
      <Execution id="719233bc-1155-4373-8e1f-c3ef2e66c540" />
      <TestMethod codeBase="D:\gameGame\Test\SmokeTests\test\bin\SmokeTests.dll" adapterTypeName="Microsoft.VisualStudio.TestTools.TestTypes.Unit.UnitTestAdapter" className="SmokeTests.PathFindingTests" name="TestMovement_Basic" />
    </UnitTest>
    <UnitTest name="TestMovement_Choke" storage="d:\gamegame\test\smoketests\test\bin\smoketests.dll" id="25cb1493-0086-0f0f-0737-a4b94394093a">
      <Execution id="b7be7b0e-7aa5-4fee-ba1f-f5c6b661e304" />
      <TestMethod codeBase="D:\gameGame\Test\SmokeTests\test\bin\SmokeTests.dll" adapterTypeName="Microsoft.VisualStudio.TestTools.TestTypes.Unit.UnitTestAdapter" className="SmokeTests.PathFindingTests" name="TestMovement_Choke" />
    </UnitTest>
    <UnitTest name="TestMovement_Creature" storage="d:\gamegame\test\smoketests\test\bin\smoketests.dll" id="d03862b5-afe8-fadb-47c5-bd2c05539fac">
      <Execution id="4ec8b52a-29a2-43ae-b13f-5e9df59961c2" />
      <TestMethod codeBase="D:\gameGame\Test\SmokeTests\test\bin\SmokeTests.dll" adapterTypeName="Microsoft.VisualStudio.TestTools.TestTypes.Unit.UnitTestAdapter" className="SmokeTests.PathFindingTests" name="TestMovement_Creature" />
    </UnitTest>
    <UnitTest name="SinglePlayerlevelPlayers_guy" storage="d:\gamegame\test\smoketests\test\bin\smoketests.dll" id="9cbe471d-f996-ef2d-323e-6b919e8b8eb3">
      <Execution id="8a0a105f-f977-4322-9afa-88104e630eac" />
      <TestMethod codeBase="D:\gameGame\Test\SmokeTests\test\bin\SmokeTests.dll" adapterTypeName="Microsoft.VisualStudio.TestTools.TestTypes.Unit.UnitTestAdapter" className="SmokeTests.SinglePlayerlevelTests" name="SinglePlayerlevelPlayers_guy" />
    </UnitTest>
    <UnitTest name="SinglePlayerlevelPlayers_guy" storage="d:\gamegame\test\smoketests\test\bin\smoketests.dll" id="6b13f524-693c-dc21-f3a9-14286b1a137c">
      <Execution id="5e948693-23e1-4835-90ab-ec202854b031" />
      <TestMethod codeBase="D:\gameGame\Test\SmokeTests\test\bin\SmokeTests.dll" adapterTypeName="Microsoft.VisualStudio.TestTools.TestTypes.Unit.UnitTestAdapter" className="SmokeTests.SinglePlayerlevelTests" name="SinglePlayerlevelPlayers_guy" />
    </UnitTest>
    <UnitTest name="SinglePlayerlevelPlayers_girl" storage="d:\gamegame\test\smoketests\test\bin\smoketests.dll" id="189b99df-c877-cf9e-705c-f4ed1c1c9c5f">
      <Execution id="2a7a1ec1-9c1c-45df-9a8b-9987c309ad2f" />
      <TestMethod codeBase="D:\gameGame\Test\SmokeTests\test\bin\SmokeTests.dll" adapterTypeName="Microsoft.VisualStudio.TestTools.TestTypes.Unit.UnitTestAdapter" className="SmokeTests.SinglePlayerlevelTests" name="SinglePlayerlevelPlayers_girl" />
    </UnitTest>
    <UnitTest name="SinglePlayerlevelPlayers_girl" storage="d:\gamegame\test\smoketests\test\bin\smoketests.dll" id="990c367a-67d2-59e5-f3cd-fd100b2922d1">
      <Execution id="0d92903c-70e9-4a8a-b179-dabbd254d7ca" />
      <TestMethod codeBase="D:\gameGame\Test\SmokeTests\test\bin\SmokeTests.dll" adapterTypeName="Microsoft.VisualStudio.TestTools.TestTypes.Unit.UnitTestAdapter" className="SmokeTests.SinglePlayerlevelTests" name="SinglePlayerlevelPlayers_girl" />
    </UnitTest>
    <UnitTest name="levelTravel_guy" storage="d:\gamegame\test\smoketests\test\bin\smoketests.dll" id="54e65f4c-ae9f-9078-3748-f1001bc6a765">
      <Execution id="04aa97e3-fe5a-4b78-854f-0628ad1b8cfd" />
      <TestMethod codeBase="D:\gameGame\Test\SmokeTests\test\bin\SmokeTests.dll" adapterTypeName="Microsoft.VisualStudio.TestTools.TestTypes.Unit.UnitTestAdapter" className="SmokeTests.SinglePlayerlevelTests" name="levelTravel_guy" />
    </UnitTest>
  </TestDefinitions>
  <TestEntries>
    <TestEntry testId="3cff02a3-dd8d-2937-7035-3825a5f74241" executionId="719233bc-1155-4373-8e1f-c3ef2e66c540" testListId="8c84fa94-04c1-424b-9868-57a2d4851a1d" />
    <TestEntry testId="25cb1493-0086-0f0f-0737-a4b94394093a" executionId="b7be7b0e-7aa5-4fee-ba1f-f5c6b661e304" testListId="8c84fa94-04c1-424b-9868-57a2d4851a1d" />
    <TestEntry testId="d03862b5-afe8-fadb-47c5-bd2c05539fac" executionId="4ec8b52a-29a2-43ae-b13f-5e9df59961c2" testListId="8c84fa94-04c1-424b-9868-57a2d4851a1d" />
    <TestEntry testId="9cbe471d-f996-ef2d-323e-6b919e8b8eb3" executionId="8a0a105f-f977-4322-9afa-88104e630eac" testListId="8c84fa94-04c1-424b-9868-57a2d4851a1d" />
    <TestEntry testId="6b13f524-693c-dc21-f3a9-14286b1a137c" executionId="5e948693-23e1-4835-90ab-ec202854b031" testListId="8c84fa94-04c1-424b-9868-57a2d4851a1d" />
    <TestEntry testId="189b99df-c877-cf9e-705c-f4ed1c1c9c5f" executionId="2a7a1ec1-9c1c-45df-9a8b-9987c309ad2f" testListId="8c84fa94-04c1-424b-9868-57a2d4851a1d" />
    <TestEntry testId="990c367a-67d2-59e5-f3cd-fd100b2922d1" executionId="0d92903c-70e9-4a8a-b179-dabbd254d7ca" testListId="8c84fa94-04c1-424b-9868-57a2d4851a1d" />
    <TestEntry testId="54e65f4c-ae9f-9078-3748-f1001bc6a765" executionId="04aa97e3-fe5a-4b78-854f-0628ad1b8cfd" testListId="8c84fa94-04c1-424b-9868-57a2d4851a1d" />
  </TestEntries>
  <TestLists>
    <TestList name="Results Not in a List" id="8c84fa94-04c1-424b-9868-57a2d4851a1d" />
    <TestList name="All Loaded Results" id="19431567-8539-422a-85d7-44ee4e166bda" />
  </TestLists>
  <ResultSummary outcome="Failed">
    <Counters total="8" executed="8" passed="5" failed="3" error="0" timeout="0" aborted="0" inconclusive="0" passedButRunAborted="0" notRunnable="0" notExecuted="0" disconnected="0" warning="0" completed="0" inProgress="0" pending="0" />
  </ResultSummary>
</TestRun>