<?xml version="1.0" encoding="UTF-8" ?>
<testsuites>
  <testsuite errors="0" failures="1" id="0" name="EmptyTest" package="com.zutubi.pulse.junit" tests="1" time="0.091">
  
    <properties>
[...]
</properties>

      <testcase classname="com.zutubi.pulse.junit.EmptyTest" name="warning" time="0.01">
    
      <failure message="No tests found in com.zutubi.pulse.junit.EmptyTest" type="junit.framework.AssertionFailedError">junit.framework.AssertionFailedError: No tests found in com.zutubi.pulse.junit.EmptyTest
</failure>

      </testcase>

      <system-out></system-out>

      <system-err></system-err>

  </testsuite>

  <testsuite errors="1" failures="1" id="2" name="SimpleTest" package="com.zutubi.pulse.junit" tests="3" time="0.09">
  
    <properties>
[...]
</properties>

      <testcase classname="com.zutubi.pulse.junit.SimpleTest" name="testSimple" time="0.0"></testcase>

      <testcase classname="com.zutubi.pulse.junit.SimpleTest" name="testAssertionFailure" time="0.01">
    
      <failure message="expected:&lt;1&gt; but was:&lt;2&gt;" type="junit.framework.AssertionFailedError">junit.framework.AssertionFailedError: expected:&lt;1&gt; but was:&lt;2&gt;
	at com.zutubi.pulse.junit.SimpleTest.testAssertionFailure(Unknown Source)
</failure>

      </testcase>

      <testcase classname="com.zutubi.pulse.junit.SimpleTest" name="testThrowException" time="0.01">
    
      <error message="random message" type="java.lang.RuntimeException">java.lang.RuntimeException: random message
	at com.zutubi.pulse.junit.SimpleTest.testThrowException(Unknown Source)
</error>

      </testcase>

      <system-out></system-out>

      <system-err></system-err>

  </testsuite>
</testsuites>
