[INFO] Scanning for projects...
[INFO] ----------------------------------------------------------------------------
[INFO] Building Maven Quick Start Archetype
[INFO]    task-segment: [test]
[INFO] ----------------------------------------------------------------------------
[INFO] [resources:resources]
[INFO] Using default encoding to copy filtered resources.
[INFO] [compiler:compile]
Compiling 1 source file to base.dir/target/classes
[INFO] [resources:testResources]
[INFO] Using default encoding to copy filtered resources.
[INFO] [compiler:testCompile]
Compiling 1 source file to base.dir/target/test-classes
[INFO] [surefire:test]
[INFO] Setting reports dir: base.dir/target/surefire-reports

-------------------------------------------------------
 T E S T S
-------------------------------------------------------
[surefire] Running com.zutubi.maven2.test.AppTest
[surefire] Tests run: 1, Failures: 1, Errors: 0, Time elapsed: x sec <<<<<<<< FAILURE !! 
[INFO] ------------------------------------------------------------------------
[ERROR] BUILD ERROR
[INFO] ------------------------------------------------------------------------
[INFO] There are test failures.
[INFO] ------------------------------------------------------------------------
[INFO] For more information, run Maven with the -e switch
[INFO] ------------------------------------------------------------------------
[INFO] ------------------------------------------------------------------------
