[INFO] Scanning for projects...
[INFO]                                                                         
[INFO] ------------------------------------------------------------------------
[INFO] Building app 1.0-SNAPSHOT
[INFO] ------------------------------------------------------------------------
[INFO] 
[INFO] --- maven-resources-plugin:2.4.3:resources (default-resources) @ app ---
[INFO] skip non existing resourceDirectory /home/jsankey/app/src/main/resources
[INFO] 
[INFO] --- maven-compiler-plugin:2.3.2:compile (default-compile) @ app ---
[INFO] Compiling 1 source file to /home/jsankey/app/target/classes
[INFO] 
[INFO] --- maven-resources-plugin:2.4.3:testResources (default-testResources) @ app ---
[INFO] skip non existing resourceDirectory /home/jsankey/app/src/test/resources
[INFO] 
[INFO] --- maven-compiler-plugin:2.3.2:testCompile (default-testCompile) @ app ---
[INFO] Compiling 1 source file to /home/jsankey/app/target/test-classes
[INFO] 
[INFO] --- maven-surefire-plugin:2.7.2:test (default-test) @ app ---
[INFO] Surefire report directory: /home/jsankey/app/target/surefire-reports

-------------------------------------------------------
 T E S T S
-------------------------------------------------------
Running com.zutubi.maven3.test.AppTest
Tests run: 1, Failures: 1, Errors: 0, Skipped: 0, Time elapsed: 0.013 sec <<< FAILURE!

Results :

Failed tests: 
  testApp(com.zutubi.maven3.test.AppTest)

Tests run: 1, Failures: 1, Errors: 0, Skipped: 0

[INFO] ------------------------------------------------------------------------
[INFO] BUILD FAILURE
[INFO] ------------------------------------------------------------------------
[INFO] Total time: 1.685s
[INFO] Finished at: Wed Mar 09 17:53:04 EST 2011
[INFO] Final Memory: 10M/146M
[INFO] ------------------------------------------------------------------------
[ERROR] Failed to execute goal org.apache.maven.plugins:maven-surefire-plugin:2.7.2:test (default-test) on project app: There are test failures.
[ERROR] 
[ERROR] Please refer to /home/jsankey/app/target/surefire-reports for the individual test results.
[ERROR] -> [Help 1]
[ERROR] 
[ERROR] To see the full stack trace of the errors, re-run Maven with the -e switch.
[ERROR] Re-run Maven using the -X switch to enable full debug logging.
[ERROR] 
[ERROR] For more information about the errors and possible solutions, please read the following articles:
[ERROR] [Help 1] http://cwiki.apache.org/confluence/display/MAVEN/MojoFailureException
